2021-11-20T07:14:51+00:00 CRITICAL Uncaught Error: Undefined constant "WP_ENVIRONMENT_TYPE" in E:\xampp\htdocs\wordpress\wp-content\plugins\woocommerce\packages\woocommerce-admin\src\Schedulers\MailchimpScheduler.php:90
Stack trace:
#0 E:\xampp\htdocs\wordpress\wp-content\plugins\woocommerce\packages\woocommerce-admin\src\Schedulers\MailchimpScheduler.php(90): constant('WP_ENVIRONMENT_...')
#1 E:\xampp\htdocs\wordpress\wp-content\plugins\woocommerce\packages\woocommerce-admin\src\Schedulers\MailchimpScheduler.php(58): Automattic\WooCommerce\Admin\Schedulers\MailchimpScheduler->make_request('1812856@dlu.edu...')
#2 E:\xampp\htdocs\wordpress\wp-content\plugins\woocommerce\packages\woocommerce-admin\src\Events.php(109): Automattic\WooCommerce\Admin\Schedulers\MailchimpScheduler->run()
#3 E:\xampp\htdocs\wordpress\wp-includes\class-wp-hook.php(303): Automattic\WooCommerce\Admin\Events->do_wc_admin_daily()
#4 E:\xampp\htdocs\wordpress\wp-includes\class-wp-hook.php(327): WP_Hook->apply_filters('', Array)
#5 E:\xampp\htdocs\wordpress\wp-includes\plugin.php(518): WP_Hook->do_action(Array)
#6 E:\xampp\htdocs\wordpress\wp-cron.php(138): do_action_ref_array('wc_admin_daily', Array)
#7 {main}
  thrown in E:\xampp\htdocs\wordpress\wp-content\plugins\woocommerce\packages\woocommerce-admin\src\Schedulers\MailchimpScheduler.php on line 90

2021-11-20T15:25:28+00:00 CRITICAL Uncaught Error: Call to undefined method WP_Error::get_data() in E:\xampp\htdocs\wordpress\wp-content\plugins\woocommerce\packages\woocommerce-blocks\src\RestApi.php:64
Stack trace:
#0 E:\xampp\htdocs\wordpress\wp-content\plugins\woocommerce\packages\woocommerce-blocks\src\BlockTypes\AbstractBlock.php(379): Automattic\WooCommerce\Blocks\RestApi->get_routes_from_namespace('wc/store')
#1 E:\xampp\htdocs\wordpress\wp-content\plugins\woocommerce\packages\woocommerce-blocks\src\BlockTypes\AbstractBlock.php(317): Automattic\WooCommerce\Blocks\BlockTypes\AbstractBlock->enqueue_data(Array)
#2 E:\xampp\htdocs\wordpress\wp-content\plugins\woocommerce\packages\woocommerce-blocks\src\BlockTypes\AbstractBlock.php(85): Automattic\WooCommerce\Blocks\BlockTypes\AbstractBlock->enqueue_assets(Array)
#3 E:\xampp\htdocs\wordpress\wp-includes\class-wp-block.php(221): Automattic\WooCommerce\Blocks\BlockTypes\AbstractBlock->render_callback(Array, '', Object(WP_Block))
#4 E:\xampp\htdocs\wordpress\wp-includes\blocks.php(868): WP_Block->render()
#5 E:\xampp\htdocs\wordpress\wp-includes\blocks.php(906): render_block(Array)
#6 E:\xampp\htdocs\wordpress\wp-includes\class-wp-hook.php(305): do_blocks('<!-- wp:woocomm...')
#7 E:\xampp\htdocs\wordpress\wp-includes\plugin.php(189): WP_Hook->apply_filters('<!-- wp:woocomm...', Array)
#8 E:\xampp\htdocs\wordpress\wp-includes\widgets\class-wp-widget-block.php(81): apply_filters('widget_block_co...', '<!-- wp:woocomm...', Array, Object(WP_Widget_Block))
#9 E:\xampp\htdocs\wordpress\wp-includes\class-wp-widget.php(393): WP_Widget_Block->widget(Array, Array)
#10 E:\xampp\htdocs\wordpress\wp-includes\widgets.php(831): WP_Widget->display_callback(Array, Array)
#11 E:\xampp\htdocs\wordpress\wp-content\themes\astra\inc\markup-extras.php(1276): dynamic_sidebar('footer-widget-2')
#12 E:\xampp\htdocs\wordpress\wp-content\themes\astra\template-parts\footer\builder\components.php(71): astra_get_sidebar('footer-widget-2')
#13 E:\xampp\htdocs\wordpress\wp-includes\template.php(772): require('E:\\xampp\\htdocs...')
#14 E:\xampp\htdocs\wordpress\wp-includes\template.php(716): load_template('E:\\xampp\\htdocs...', false, Array)
#15 E:\xampp\htdocs\wordpress\wp-includes\general-template.php(204): locate_template(Array, true, false, Array)
#16 E:\xampp\htdocs\wordpress\wp-content\themes\astra\inc\core\builder\class-astra-builder-helper.php(903): get_template_part('template-parts/...', '', Array)
#17 E:\xampp\htdocs\wordpress\wp-content\themes\astra\inc\builder\markup\class-astra-builder-footer.php(220): Astra_Builder_Helper::render_builder_markup('above', 2, 'desktop', 'footer')
#18 E:\xampp\htdocs\wordpress\wp-includes\class-wp-hook.php(303): Astra_Builder_Footer->render_column('above', 2)
#19 E:\xampp\htdocs\wordpress\wp-includes\class-wp-hook.php(327): WP_Hook->apply_filters('', Array)
#20 E:\xampp\htdocs\wordpress\wp-includes\plugin.php(470): WP_Hook->do_action(Array)
#21 E:\xampp\htdocs\wordpress\wp-content\themes\astra\template-parts\footer\builder\footer-row.php(61): do_action('astra_render_fo...', 'above', 2)
#22 E:\xampp\htdocs\wordpress\wp-includes\template.php(772): require('E:\\xampp\\htdocs...')
#23 E:\xampp\htdocs\wordpress\wp-includes\template.php(716): load_template('E:\\xampp\\htdocs...', false, Array)
#24 E:\xampp\htdocs\wordpress\wp-includes\general-template.php(204): locate_template(Array, true, false, Array)
#25 E:\xampp\htdocs\wordpress\wp-content\themes\astra\inc\builder\markup\class-astra-builder-footer.php(157): get_template_part('template-parts/...', 'row', Array)
#26 E:\xampp\htdocs\wordpress\wp-includes\class-wp-hook.php(303): Astra_Builder_Footer->above_footer('')
#27 E:\xampp\htdocs\wordpress\wp-includes\class-wp-hook.php(327): WP_Hook->apply_filters('', Array)
#28 E:\xampp\htdocs\wordpress\wp-includes\plugin.php(470): WP_Hook->do_action(Array)
#29 E:\xampp\htdocs\wordpress\wp-content\themes\astra\template-parts\footer\builder\desktop-builder-layout.php(33): do_action('astra_above_foo...')
#30 E:\xampp\htdocs\wordpress\wp-includes\template.php(772): require('E:\\xampp\\htdocs...')
#31 E:\xampp\htdocs\wordpress\wp-includes\template.php(716): load_template('E:\\xampp\\htdocs...', false, Array)
#32 E:\xampp\htdocs\wordpress\wp-includes\general-template.php(204): locate_template(Array, true, false, Array)
#33 E:\xampp\htdocs\wordpress\wp-content\themes\astra\inc\builder\markup\class-astra-builder-footer.php(142): get_template_part('template-parts/...')
#34 E:\xampp\htdocs\wordpress\wp-includes\class-wp-hook.php(303): Astra_Builder_Footer->footer_markup('')
#35 E:\xampp\htdocs\wordpress\wp-includes\class-wp-hook.php(327): WP_Hook->apply_filters(NULL, Array)
#36 E:\xampp\htdocs\wordpress\wp-includes\plugin.php(470): WP_Hook->do_action(Array)
#37 E:\xampp\htdocs\wordpress\wp-content\themes\astra\inc\core\theme-hooks.php(387): do_action('astra_footer')
#38 E:\xampp\htdocs\wordpress\wp-content\themes\astra\footer.php(26): astra_footer()
#39 E:\xampp\htdocs\wordpress\wp-includes\template.php(770): require_once('E:\\xampp\\htdocs...')
#40 E:\xampp\htdocs\wordpress\wp-includes\template.php(716): load_template('E:\\xampp\\htdocs...', true, Array)
#41 E:\xampp\htdocs\wordpress\wp-includes\general-template.php(92): locate_template(Array, true, true, Array)
#42 E:\xampp\htdocs\wordpress\wp-content\themes\astra\page.php(44): get_footer()
#43 E:\xampp\htdocs\wordpress\wp-includes\template-loader.php(106): include('E:\\xampp\\htdocs...')
#44 E:\xampp\htdocs\wordpress\wp-blog-header.php(19): require_once('E:\\xampp\\htdocs...')
#45 E:\xampp\htdocs\wordpress\index.php(17): require('E:\\xampp\\htdocs...')
#46 {main}
  thrown in E:\xampp\htdocs\wordpress\wp-content\plugins\woocommerce\packages\woocommerce-blocks\src\RestApi.php on line 64

2021-11-20T15:27:10+00:00 CRITICAL Uncaught Error: Call to undefined method WP_Error::get_data() in E:\xampp\htdocs\wordpress\wp-content\plugins\woocommerce\packages\woocommerce-blocks\src\RestApi.php:64
Stack trace:
#0 E:\xampp\htdocs\wordpress\wp-content\plugins\woocommerce\packages\woocommerce-blocks\src\BlockTypes\AbstractBlock.php(379): Automattic\WooCommerce\Blocks\RestApi->get_routes_from_namespace('wc/store')
#1 E:\xampp\htdocs\wordpress\wp-content\plugins\woocommerce\packages\woocommerce-blocks\src\BlockTypes\AbstractBlock.php(317): Automattic\WooCommerce\Blocks\BlockTypes\AbstractBlock->enqueue_data(Array)
#2 E:\xampp\htdocs\wordpress\wp-content\plugins\woocommerce\packages\woocommerce-blocks\src\BlockTypes\AbstractBlock.php(85): Automattic\WooCommerce\Blocks\BlockTypes\AbstractBlock->enqueue_assets(Array)
#3 E:\xampp\htdocs\wordpress\wp-includes\class-wp-block.php(221): Automattic\WooCommerce\Blocks\BlockTypes\AbstractBlock->render_callback(Array, '', Object(WP_Block))
#4 E:\xampp\htdocs\wordpress\wp-includes\blocks.php(868): WP_Block->render()
#5 E:\xampp\htdocs\wordpress\wp-includes\blocks.php(906): render_block(Array)
#6 E:\xampp\htdocs\wordpress\wp-includes\class-wp-hook.php(305): do_blocks('<!-- wp:woocomm...')
#7 E:\xampp\htdocs\wordpress\wp-includes\plugin.php(189): WP_Hook->apply_filters('<!-- wp:woocomm...', Array)
#8 E:\xampp\htdocs\wordpress\wp-includes\widgets\class-wp-widget-block.php(81): apply_filters('widget_block_co...', '<!-- wp:woocomm...', Array, Object(WP_Widget_Block))
#9 E:\xampp\htdocs\wordpress\wp-includes\class-wp-widget.php(393): WP_Widget_Block->widget(Array, Array)
#10 E:\xampp\htdocs\wordpress\wp-includes\widgets.php(831): WP_Widget->display_callback(Array, Array)
#11 E:\xampp\htdocs\wordpress\wp-content\themes\astra\inc\markup-extras.php(1276): dynamic_sidebar('footer-widget-2')
#12 E:\xampp\htdocs\wordpress\wp-content\themes\astra\template-parts\footer\builder\components.php(71): astra_get_sidebar('footer-widget-2')
#13 E:\xampp\htdocs\wordpress\wp-includes\template.php(772): require('E:\\xampp\\htdocs...')
#14 E:\xampp\htdocs\wordpress\wp-includes\template.php(716): load_template('E:\\xampp\\htdocs...', false, Array)
#15 E:\xampp\htdocs\wordpress\wp-includes\general-template.php(204): locate_template(Array, true, false, Array)
#16 E:\xampp\htdocs\wordpress\wp-content\themes\astra\inc\core\builder\class-astra-builder-helper.php(903): get_template_part('template-parts/...', '', Array)
#17 E:\xampp\htdocs\wordpress\wp-content\themes\astra\inc\builder\markup\class-astra-builder-footer.php(220): Astra_Builder_Helper::render_builder_markup('above', 2, 'desktop', 'footer')
#18 E:\xampp\htdocs\wordpress\wp-includes\class-wp-hook.php(303): Astra_Builder_Footer->render_column('above', 2)
#19 E:\xampp\htdocs\wordpress\wp-includes\class-wp-hook.php(327): WP_Hook->apply_filters('', Array)
#20 E:\xampp\htdocs\wordpress\wp-includes\plugin.php(470): WP_Hook->do_action(Array)
#21 E:\xampp\htdocs\wordpress\wp-content\themes\astra\template-parts\footer\builder\footer-row.php(61): do_action('astra_render_fo...', 'above', 2)
#22 E:\xampp\htdocs\wordpress\wp-includes\template.php(772): require('E:\\xampp\\htdocs...')
#23 E:\xampp\htdocs\wordpress\wp-includes\template.php(716): load_template('E:\\xampp\\htdocs...', false, Array)
#24 E:\xampp\htdocs\wordpress\wp-includes\general-template.php(204): locate_template(Array, true, false, Array)
#25 E:\xampp\htdocs\wordpress\wp-content\themes\astra\inc\builder\markup\class-astra-builder-footer.php(157): get_template_part('template-parts/...', 'row', Array)
#26 E:\xampp\htdocs\wordpress\wp-includes\class-wp-hook.php(303): Astra_Builder_Footer->above_footer('')
#27 E:\xampp\htdocs\wordpress\wp-includes\class-wp-hook.php(327): WP_Hook->apply_filters('', Array)
#28 E:\xampp\htdocs\wordpress\wp-includes\plugin.php(470): WP_Hook->do_action(Array)
#29 E:\xampp\htdocs\wordpress\wp-content\themes\astra\template-parts\footer\builder\desktop-builder-layout.php(33): do_action('astra_above_foo...')
#30 E:\xampp\htdocs\wordpress\wp-includes\template.php(772): require('E:\\xampp\\htdocs...')
#31 E:\xampp\htdocs\wordpress\wp-includes\template.php(716): load_template('E:\\xampp\\htdocs...', false, Array)
#32 E:\xampp\htdocs\wordpress\wp-includes\general-template.php(204): locate_template(Array, true, false, Array)
#33 E:\xampp\htdocs\wordpress\wp-content\themes\astra\inc\builder\markup\class-astra-builder-footer.php(142): get_template_part('template-parts/...')
#34 E:\xampp\htdocs\wordpress\wp-includes\class-wp-hook.php(303): Astra_Builder_Footer->footer_markup('')
#35 E:\xampp\htdocs\wordpress\wp-includes\class-wp-hook.php(327): WP_Hook->apply_filters(NULL, Array)
#36 E:\xampp\htdocs\wordpress\wp-includes\plugin.php(470): WP_Hook->do_action(Array)
#37 E:\xampp\htdocs\wordpress\wp-content\themes\astra\inc\core\theme-hooks.php(387): do_action('astra_footer')
#38 E:\xampp\htdocs\wordpress\wp-content\themes\astra\footer.php(26): astra_footer()
#39 E:\xampp\htdocs\wordpress\wp-includes\template.php(770): require_once('E:\\xampp\\htdocs...')
#40 E:\xampp\htdocs\wordpress\wp-includes\template.php(716): load_template('E:\\xampp\\htdocs...', true, Array)
#41 E:\xampp\htdocs\wordpress\wp-includes\general-template.php(92): locate_template(Array, true, true, Array)
#42 E:\xampp\htdocs\wordpress\wp-content\themes\astra\page.php(44): get_footer()
#43 E:\xampp\htdocs\wordpress\wp-includes\template-loader.php(106): include('E:\\xampp\\htdocs...')
#44 E:\xampp\htdocs\wordpress\wp-blog-header.php(19): require_once('E:\\xampp\\htdocs...')
#45 E:\xampp\htdocs\wordpress\index.php(17): require('E:\\xampp\\htdocs...')
#46 {main}
  thrown in E:\xampp\htdocs\wordpress\wp-content\plugins\woocommerce\packages\woocommerce-blocks\src\RestApi.php on line 64

2021-11-20T15:27:24+00:00 CRITICAL Uncaught Error: Call to undefined method WP_Error::get_data() in E:\xampp\htdocs\wordpress\wp-content\plugins\woocommerce\packages\woocommerce-blocks\src\RestApi.php:64
Stack trace:
#0 E:\xampp\htdocs\wordpress\wp-content\plugins\woocommerce\packages\woocommerce-blocks\src\BlockTypes\AbstractBlock.php(379): Automattic\WooCommerce\Blocks\RestApi->get_routes_from_namespace('wc/store')
#1 E:\xampp\htdocs\wordpress\wp-content\plugins\woocommerce\packages\woocommerce-blocks\src\BlockTypes\AbstractBlock.php(317): Automattic\WooCommerce\Blocks\BlockTypes\AbstractBlock->enqueue_data(Array)
#2 E:\xampp\htdocs\wordpress\wp-content\plugins\woocommerce\packages\woocommerce-blocks\src\BlockTypes\AbstractBlock.php(85): Automattic\WooCommerce\Blocks\BlockTypes\AbstractBlock->enqueue_assets(Array)
#3 E:\xampp\htdocs\wordpress\wp-includes\class-wp-block.php(221): Automattic\WooCommerce\Blocks\BlockTypes\AbstractBlock->render_callback(Array, '', Object(WP_Block))
#4 E:\xampp\htdocs\wordpress\wp-includes\blocks.php(868): WP_Block->render()
#5 E:\xampp\htdocs\wordpress\wp-includes\blocks.php(906): render_block(Array)
#6 E:\xampp\htdocs\wordpress\wp-includes\class-wp-hook.php(305): do_blocks('<!-- wp:woocomm...')
#7 E:\xampp\htdocs\wordpress\wp-includes\plugin.php(189): WP_Hook->apply_filters('<!-- wp:woocomm...', Array)
#8 E:\xampp\htdocs\wordpress\wp-includes\widgets\class-wp-widget-block.php(81): apply_filters('widget_block_co...', '<!-- wp:woocomm...', Array, Object(WP_Widget_Block))
#9 E:\xampp\htdocs\wordpress\wp-includes\class-wp-widget.php(393): WP_Widget_Block->widget(Array, Array)
#10 E:\xampp\htdocs\wordpress\wp-includes\widgets.php(831): WP_Widget->display_callback(Array, Array)
#11 E:\xampp\htdocs\wordpress\wp-content\themes\astra\inc\markup-extras.php(1276): dynamic_sidebar('footer-widget-2')
#12 E:\xampp\htdocs\wordpress\wp-content\themes\astra\template-parts\footer\builder\components.php(71): astra_get_sidebar('footer-widget-2')
#13 E:\xampp\htdocs\wordpress\wp-includes\template.php(772): require('E:\\xampp\\htdocs...')
#14 E:\xampp\htdocs\wordpress\wp-includes\template.php(716): load_template('E:\\xampp\\htdocs...', false, Array)
#15 E:\xampp\htdocs\wordpress\wp-includes\general-template.php(204): locate_template(Array, true, false, Array)
#16 E:\xampp\htdocs\wordpress\wp-content\themes\astra\inc\core\builder\class-astra-builder-helper.php(903): get_template_part('template-parts/...', '', Array)
#17 E:\xampp\htdocs\wordpress\wp-content\themes\astra\inc\builder\markup\class-astra-builder-footer.php(220): Astra_Builder_Helper::render_builder_markup('above', 2, 'desktop', 'footer')
#18 E:\xampp\htdocs\wordpress\wp-includes\class-wp-hook.php(303): Astra_Builder_Footer->render_column('above', 2)
#19 E:\xampp\htdocs\wordpress\wp-includes\class-wp-hook.php(327): WP_Hook->apply_filters('', Array)
#20 E:\xampp\htdocs\wordpress\wp-includes\plugin.php(470): WP_Hook->do_action(Array)
#21 E:\xampp\htdocs\wordpress\wp-content\themes\astra\template-parts\footer\builder\footer-row.php(61): do_action('astra_render_fo...', 'above', 2)
#22 E:\xampp\htdocs\wordpress\wp-includes\template.php(772): require('E:\\xampp\\htdocs...')
#23 E:\xampp\htdocs\wordpress\wp-includes\template.php(716): load_template('E:\\xampp\\htdocs...', false, Array)
#24 E:\xampp\htdocs\wordpress\wp-includes\general-template.php(204): locate_template(Array, true, false, Array)
#25 E:\xampp\htdocs\wordpress\wp-content\themes\astra\inc\builder\markup\class-astra-builder-footer.php(157): get_template_part('template-parts/...', 'row', Array)
#26 E:\xampp\htdocs\wordpress\wp-includes\class-wp-hook.php(303): Astra_Builder_Footer->above_footer('')
#27 E:\xampp\htdocs\wordpress\wp-includes\class-wp-hook.php(327): WP_Hook->apply_filters('', Array)
#28 E:\xampp\htdocs\wordpress\wp-includes\plugin.php(470): WP_Hook->do_action(Array)
#29 E:\xampp\htdocs\wordpress\wp-content\themes\astra\template-parts\footer\builder\desktop-builder-layout.php(33): do_action('astra_above_foo...')
#30 E:\xampp\htdocs\wordpress\wp-includes\template.php(772): require('E:\\xampp\\htdocs...')
#31 E:\xampp\htdocs\wordpress\wp-includes\template.php(716): load_template('E:\\xampp\\htdocs...', false, Array)
#32 E:\xampp\htdocs\wordpress\wp-includes\general-template.php(204): locate_template(Array, true, false, Array)
#33 E:\xampp\htdocs\wordpress\wp-content\themes\astra\inc\builder\markup\class-astra-builder-footer.php(142): get_template_part('template-parts/...')
#34 E:\xampp\htdocs\wordpress\wp-includes\class-wp-hook.php(303): Astra_Builder_Footer->footer_markup('')
#35 E:\xampp\htdocs\wordpress\wp-includes\class-wp-hook.php(327): WP_Hook->apply_filters(NULL, Array)
#36 E:\xampp\htdocs\wordpress\wp-includes\plugin.php(470): WP_Hook->do_action(Array)
#37 E:\xampp\htdocs\wordpress\wp-content\themes\astra\inc\core\theme-hooks.php(387): do_action('astra_footer')
#38 E:\xampp\htdocs\wordpress\wp-content\themes\astra\footer.php(26): astra_footer()
#39 E:\xampp\htdocs\wordpress\wp-includes\template.php(770): require_once('E:\\xampp\\htdocs...')
#40 E:\xampp\htdocs\wordpress\wp-includes\template.php(716): load_template('E:\\xampp\\htdocs...', true, Array)
#41 E:\xampp\htdocs\wordpress\wp-includes\general-template.php(92): locate_template(Array, true, true, Array)
#42 E:\xampp\htdocs\wordpress\wp-content\themes\astra\page.php(44): get_footer()
#43 E:\xampp\htdocs\wordpress\wp-includes\template-loader.php(106): include('E:\\xampp\\htdocs...')
#44 E:\xampp\htdocs\wordpress\wp-blog-header.php(19): require_once('E:\\xampp\\htdocs...')
#45 E:\xampp\htdocs\wordpress\index.php(17): require('E:\\xampp\\htdocs...')
#46 {main}
  thrown in E:\xampp\htdocs\wordpress\wp-content\plugins\woocommerce\packages\woocommerce-blocks\src\RestApi.php on line 64

2021-11-20T15:28:56+00:00 CRITICAL Uncaught Error: Call to undefined method WP_Error::get_data() in E:\xampp\htdocs\wordpress\wp-content\plugins\woocommerce\packages\woocommerce-blocks\src\RestApi.php:64
Stack trace:
#0 E:\xampp\htdocs\wordpress\wp-content\plugins\woocommerce\packages\woocommerce-blocks\src\BlockTypes\AbstractBlock.php(379): Automattic\WooCommerce\Blocks\RestApi->get_routes_from_namespace('wc/store')
#1 E:\xampp\htdocs\wordpress\wp-content\plugins\woocommerce\packages\woocommerce-blocks\src\BlockTypes\AbstractBlock.php(317): Automattic\WooCommerce\Blocks\BlockTypes\AbstractBlock->enqueue_data(Array)
#2 E:\xampp\htdocs\wordpress\wp-content\plugins\woocommerce\packages\woocommerce-blocks\src\BlockTypes\AbstractBlock.php(85): Automattic\WooCommerce\Blocks\BlockTypes\AbstractBlock->enqueue_assets(Array)
#3 E:\xampp\htdocs\wordpress\wp-includes\class-wp-block.php(221): Automattic\WooCommerce\Blocks\BlockTypes\AbstractBlock->render_callback(Array, '', Object(WP_Block))
#4 E:\xampp\htdocs\wordpress\wp-includes\blocks.php(868): WP_Block->render()
#5 E:\xampp\htdocs\wordpress\wp-includes\blocks.php(906): render_block(Array)
#6 E:\xampp\htdocs\wordpress\wp-includes\class-wp-hook.php(305): do_blocks('<!-- wp:woocomm...')
#7 E:\xampp\htdocs\wordpress\wp-includes\plugin.php(189): WP_Hook->apply_filters('<!-- wp:woocomm...', Array)
#8 E:\xampp\htdocs\wordpress\wp-includes\widgets\class-wp-widget-block.php(81): apply_filters('widget_block_co...', '<!-- wp:woocomm...', Array, Object(WP_Widget_Block))
#9 E:\xampp\htdocs\wordpress\wp-includes\class-wp-widget.php(393): WP_Widget_Block->widget(Array, Array)
#10 E:\xampp\htdocs\wordpress\wp-includes\widgets.php(831): WP_Widget->display_callback(Array, Array)
#11 E:\xampp\htdocs\wordpress\wp-content\themes\astra\inc\markup-extras.php(1276): dynamic_sidebar('footer-widget-2')
#12 E:\xampp\htdocs\wordpress\wp-content\themes\astra\template-parts\footer\builder\components.php(71): astra_get_sidebar('footer-widget-2')
#13 E:\xampp\htdocs\wordpress\wp-includes\template.php(772): require('E:\\xampp\\htdocs...')
#14 E:\xampp\htdocs\wordpress\wp-includes\template.php(716): load_template('E:\\xampp\\htdocs...', false, Array)
#15 E:\xampp\htdocs\wordpress\wp-includes\general-template.php(204): locate_template(Array, true, false, Array)
#16 E:\xampp\htdocs\wordpress\wp-content\themes\astra\inc\core\builder\class-astra-builder-helper.php(903): get_template_part('template-parts/...', '', Array)
#17 E:\xampp\htdocs\wordpress\wp-content\themes\astra\inc\builder\markup\class-astra-builder-footer.php(220): Astra_Builder_Helper::render_builder_markup('above', 2, 'desktop', 'footer')
#18 E:\xampp\htdocs\wordpress\wp-includes\class-wp-hook.php(303): Astra_Builder_Footer->render_column('above', 2)
#19 E:\xampp\htdocs\wordpress\wp-includes\class-wp-hook.php(327): WP_Hook->apply_filters('', Array)
#20 E:\xampp\htdocs\wordpress\wp-includes\plugin.php(470): WP_Hook->do_action(Array)
#21 E:\xampp\htdocs\wordpress\wp-content\themes\astra\template-parts\footer\builder\footer-row.php(61): do_action('astra_render_fo...', 'above', 2)
#22 E:\xampp\htdocs\wordpress\wp-includes\template.php(772): require('E:\\xampp\\htdocs...')
#23 E:\xampp\htdocs\wordpress\wp-includes\template.php(716): load_template('E:\\xampp\\htdocs...', false, Array)
#24 E:\xampp\htdocs\wordpress\wp-includes\general-template.php(204): locate_template(Array, true, false, Array)
#25 E:\xampp\htdocs\wordpress\wp-content\themes\astra\inc\builder\markup\class-astra-builder-footer.php(157): get_template_part('template-parts/...', 'row', Array)
#26 E:\xampp\htdocs\wordpress\wp-includes\class-wp-hook.php(303): Astra_Builder_Footer->above_footer('')
#27 E:\xampp\htdocs\wordpress\wp-includes\class-wp-hook.php(327): WP_Hook->apply_filters('', Array)
#28 E:\xampp\htdocs\wordpress\wp-includes\plugin.php(470): WP_Hook->do_action(Array)
#29 E:\xampp\htdocs\wordpress\wp-content\themes\astra\template-parts\footer\builder\desktop-builder-layout.php(33): do_action('astra_above_foo...')
#30 E:\xampp\htdocs\wordpress\wp-includes\template.php(772): require('E:\\xampp\\htdocs...')
#31 E:\xampp\htdocs\wordpress\wp-includes\template.php(716): load_template('E:\\xampp\\htdocs...', false, Array)
#32 E:\xampp\htdocs\wordpress\wp-includes\general-template.php(204): locate_template(Array, true, false, Array)
#33 E:\xampp\htdocs\wordpress\wp-content\themes\astra\inc\builder\markup\class-astra-builder-footer.php(142): get_template_part('template-parts/...')
#34 E:\xampp\htdocs\wordpress\wp-includes\class-wp-hook.php(303): Astra_Builder_Footer->footer_markup('')
#35 E:\xampp\htdocs\wordpress\wp-includes\class-wp-hook.php(327): WP_Hook->apply_filters(NULL, Array)
#36 E:\xampp\htdocs\wordpress\wp-includes\plugin.php(470): WP_Hook->do_action(Array)
#37 E:\xampp\htdocs\wordpress\wp-content\themes\astra\inc\core\theme-hooks.php(387): do_action('astra_footer')
#38 E:\xampp\htdocs\wordpress\wp-content\themes\astra\footer.php(26): astra_footer()
#39 E:\xampp\htdocs\wordpress\wp-includes\template.php(770): require_once('E:\\xampp\\htdocs...')
#40 E:\xampp\htdocs\wordpress\wp-includes\template.php(716): load_template('E:\\xampp\\htdocs...', true, Array)
#41 E:\xampp\htdocs\wordpress\wp-includes\general-template.php(92): locate_template(Array, true, true, Array)
#42 E:\xampp\htdocs\wordpress\wp-content\themes\astra\page.php(44): get_footer()
#43 E:\xampp\htdocs\wordpress\wp-includes\template-loader.php(106): include('E:\\xampp\\htdocs...')
#44 E:\xampp\htdocs\wordpress\wp-blog-header.php(19): require_once('E:\\xampp\\htdocs...')
#45 E:\xampp\htdocs\wordpress\index.php(17): require('E:\\xampp\\htdocs...')
#46 {main}
  thrown in E:\xampp\htdocs\wordpress\wp-content\plugins\woocommerce\packages\woocommerce-blocks\src\RestApi.php on line 64

2021-11-20T15:29:47+00:00 CRITICAL Uncaught Error: Call to undefined method WP_Error::get_data() in E:\xampp\htdocs\wordpress\wp-content\plugins\woocommerce\packages\woocommerce-blocks\src\RestApi.php:64
Stack trace:
#0 E:\xampp\htdocs\wordpress\wp-content\plugins\woocommerce\packages\woocommerce-blocks\src\BlockTypes\AbstractBlock.php(379): Automattic\WooCommerce\Blocks\RestApi->get_routes_from_namespace('wc/store')
#1 E:\xampp\htdocs\wordpress\wp-content\plugins\woocommerce\packages\woocommerce-blocks\src\BlockTypes\AbstractProductGrid.php(512): Automattic\WooCommerce\Blocks\BlockTypes\AbstractBlock->enqueue_data(Array)
#2 E:\xampp\htdocs\wordpress\wp-content\plugins\woocommerce\packages\woocommerce-blocks\src\BlockTypes\AbstractBlock.php(317): Automattic\WooCommerce\Blocks\BlockTypes\AbstractProductGrid->enqueue_data(Array)
#3 E:\xampp\htdocs\wordpress\wp-content\plugins\woocommerce\packages\woocommerce-blocks\src\BlockTypes\AbstractBlock.php(85): Automattic\WooCommerce\Blocks\BlockTypes\AbstractBlock->enqueue_assets(Array)
#4 E:\xampp\htdocs\wordpress\wp-includes\class-wp-block.php(221): Automattic\WooCommerce\Blocks\BlockTypes\AbstractBlock->render_callback(Array, '', Object(WP_Block))
#5 E:\xampp\htdocs\wordpress\wp-includes\blocks.php(868): WP_Block->render()
#6 E:\xampp\htdocs\wordpress\wp-includes\blocks.php(906): render_block(Array)
#7 E:\xampp\htdocs\wordpress\wp-includes\class-wp-hook.php(305): do_blocks('<!-- wp:woocomm...')
#8 E:\xampp\htdocs\wordpress\wp-includes\plugin.php(189): WP_Hook->apply_filters('<!-- wp:woocomm...', Array)
#9 E:\xampp\htdocs\wordpress\wp-includes\widgets\class-wp-widget-block.php(81): apply_filters('widget_block_co...', '<!-- wp:woocomm...', Array, Object(WP_Widget_Block))
#10 E:\xampp\htdocs\wordpress\wp-includes\class-wp-widget.php(393): WP_Widget_Block->widget(Array, Array)
#11 E:\xampp\htdocs\wordpress\wp-includes\widgets.php(831): WP_Widget->display_callback(Array, Array)
#12 E:\xampp\htdocs\wordpress\wp-content\themes\astra\inc\markup-extras.php(1276): dynamic_sidebar('footer-widget-2')
#13 E:\xampp\htdocs\wordpress\wp-content\themes\astra\template-parts\footer\builder\components.php(71): astra_get_sidebar('footer-widget-2')
#14 E:\xampp\htdocs\wordpress\wp-includes\template.php(772): require('E:\\xampp\\htdocs...')
#15 E:\xampp\htdocs\wordpress\wp-includes\template.php(716): load_template('E:\\xampp\\htdocs...', false, Array)
#16 E:\xampp\htdocs\wordpress\wp-includes\general-template.php(204): locate_template(Array, true, false, Array)
#17 E:\xampp\htdocs\wordpress\wp-content\themes\astra\inc\core\builder\class-astra-builder-helper.php(903): get_template_part('template-parts/...', '', Array)
#18 E:\xampp\htdocs\wordpress\wp-content\themes\astra\inc\builder\markup\class-astra-builder-footer.php(220): Astra_Builder_Helper::render_builder_markup('above', 2, 'desktop', 'footer')
#19 E:\xampp\htdocs\wordpress\wp-includes\class-wp-hook.php(303): Astra_Builder_Footer->render_column('above', 2)
#20 E:\xampp\htdocs\wordpress\wp-includes\class-wp-hook.php(327): WP_Hook->apply_filters('', Array)
#21 E:\xampp\htdocs\wordpress\wp-includes\plugin.php(470): WP_Hook->do_action(Array)
#22 E:\xampp\htdocs\wordpress\wp-content\themes\astra\template-parts\footer\builder\footer-row.php(61): do_action('astra_render_fo...', 'above', 2)
#23 E:\xampp\htdocs\wordpress\wp-includes\template.php(772): require('E:\\xampp\\htdocs...')
#24 E:\xampp\htdocs\wordpress\wp-includes\template.php(716): load_template('E:\\xampp\\htdocs...', false, Array)
#25 E:\xampp\htdocs\wordpress\wp-includes\general-template.php(204): locate_template(Array, true, false, Array)
#26 E:\xampp\htdocs\wordpress\wp-content\themes\astra\inc\builder\markup\class-astra-builder-footer.php(157): get_template_part('template-parts/...', 'row', Array)
#27 E:\xampp\htdocs\wordpress\wp-includes\class-wp-hook.php(303): Astra_Builder_Footer->above_footer('')
#28 E:\xampp\htdocs\wordpress\wp-includes\class-wp-hook.php(327): WP_Hook->apply_filters('', Array)
#29 E:\xampp\htdocs\wordpress\wp-includes\plugin.php(470): WP_Hook->do_action(Array)
#30 E:\xampp\htdocs\wordpress\wp-content\themes\astra\template-parts\footer\builder\desktop-builder-layout.php(33): do_action('astra_above_foo...')
#31 E:\xampp\htdocs\wordpress\wp-includes\template.php(772): require('E:\\xampp\\htdocs...')
#32 E:\xampp\htdocs\wordpress\wp-includes\template.php(716): load_template('E:\\xampp\\htdocs...', false, Array)
#33 E:\xampp\htdocs\wordpress\wp-includes\general-template.php(204): locate_template(Array, true, false, Array)
#34 E:\xampp\htdocs\wordpress\wp-content\themes\astra\inc\builder\markup\class-astra-builder-footer.php(142): get_template_part('template-parts/...')
#35 E:\xampp\htdocs\wordpress\wp-includes\class-wp-hook.php(303): Astra_Builder_Footer->footer_markup('')
#36 E:\xampp\htdocs\wordpress\wp-includes\class-wp-hook.php(327): WP_Hook->apply_filters(NULL, Array)
#37 E:\xampp\htdocs\wordpress\wp-includes\plugin.php(470): WP_Hook->do_action(Array)
#38 E:\xampp\htdocs\wordpress\wp-content\themes\astra\inc\core\theme-hooks.php(387): do_action('astra_footer')
#39 E:\xampp\htdocs\wordpress\wp-content\themes\astra\footer.php(26): astra_footer()
#40 E:\xampp\htdocs\wordpress\wp-includes\template.php(770): require_once('E:\\xampp\\htdocs...')
#41 E:\xampp\htdocs\wordpress\wp-includes\template.php(716): load_template('E:\\xampp\\htdocs...', true, Array)
#42 E:\xampp\htdocs\wordpress\wp-includes\general-template.php(92): locate_template(Array, true, true, Array)
#43 E:\xampp\htdocs\wordpress\wp-content\themes\astra\page.php(44): get_footer()
#44 E:\xampp\htdocs\wordpress\wp-includes\template-loader.php(106): include('E:\\xampp\\htdocs...')
#45 E:\xampp\htdocs\wordpress\wp-blog-header.php(19): require_once('E:\\xampp\\htdocs...')
#46 E:\xampp\htdocs\wordpress\index.php(17): require('E:\\xampp\\htdocs...')
#47 {main}
  thrown in E:\xampp\htdocs\wordpress\wp-content\plugins\woocommerce\packages\woocommerce-blocks\src\RestApi.php on line 64

2021-11-20T15:30:44+00:00 CRITICAL Uncaught Error: Call to undefined method WP_Error::get_data() in E:\xampp\htdocs\wordpress\wp-content\plugins\woocommerce\packages\woocommerce-blocks\src\RestApi.php:64
Stack trace:
#0 E:\xampp\htdocs\wordpress\wp-content\plugins\woocommerce\packages\woocommerce-blocks\src\BlockTypes\AbstractBlock.php(379): Automattic\WooCommerce\Blocks\RestApi->get_routes_from_namespace('wc/store')
#1 E:\xampp\htdocs\wordpress\wp-content\plugins\woocommerce\packages\woocommerce-blocks\src\BlockTypes\AbstractProductGrid.php(512): Automattic\WooCommerce\Blocks\BlockTypes\AbstractBlock->enqueue_data(Array)
#2 E:\xampp\htdocs\wordpress\wp-content\plugins\woocommerce\packages\woocommerce-blocks\src\BlockTypes\AbstractBlock.php(317): Automattic\WooCommerce\Blocks\BlockTypes\AbstractProductGrid->enqueue_data(Array)
#3 E:\xampp\htdocs\wordpress\wp-content\plugins\woocommerce\packages\woocommerce-blocks\src\BlockTypes\AbstractBlock.php(85): Automattic\WooCommerce\Blocks\BlockTypes\AbstractBlock->enqueue_assets(Array)
#4 E:\xampp\htdocs\wordpress\wp-includes\class-wp-block.php(221): Automattic\WooCommerce\Blocks\BlockTypes\AbstractBlock->render_callback(Array, '', Object(WP_Block))
#5 E:\xampp\htdocs\wordpress\wp-includes\blocks.php(868): WP_Block->render()
#6 E:\xampp\htdocs\wordpress\wp-includes\blocks.php(906): render_block(Array)
#7 E:\xampp\htdocs\wordpress\wp-includes\class-wp-hook.php(305): do_blocks('<!-- wp:woocomm...')
#8 E:\xampp\htdocs\wordpress\wp-includes\plugin.php(189): WP_Hook->apply_filters('<!-- wp:woocomm...', Array)
#9 E:\xampp\htdocs\wordpress\wp-includes\widgets\class-wp-widget-block.php(81): apply_filters('widget_block_co...', '<!-- wp:woocomm...', Array, Object(WP_Widget_Block))
#10 E:\xampp\htdocs\wordpress\wp-includes\class-wp-widget.php(393): WP_Widget_Block->widget(Array, Array)
#11 E:\xampp\htdocs\wordpress\wp-includes\widgets.php(831): WP_Widget->display_callback(Array, Array)
#12 E:\xampp\htdocs\wordpress\wp-content\themes\astra\inc\markup-extras.php(1276): dynamic_sidebar('footer-widget-2')
#13 E:\xampp\htdocs\wordpress\wp-content\themes\astra\template-parts\footer\builder\components.php(71): astra_get_sidebar('footer-widget-2')
#14 E:\xampp\htdocs\wordpress\wp-includes\template.php(772): require('E:\\xampp\\htdocs...')
#15 E:\xampp\htdocs\wordpress\wp-includes\template.php(716): load_template('E:\\xampp\\htdocs...', false, Array)
#16 E:\xampp\htdocs\wordpress\wp-includes\general-template.php(204): locate_template(Array, true, false, Array)
#17 E:\xampp\htdocs\wordpress\wp-content\themes\astra\inc\core\builder\class-astra-builder-helper.php(903): get_template_part('template-parts/...', '', Array)
#18 E:\xampp\htdocs\wordpress\wp-content\themes\astra\inc\builder\markup\class-astra-builder-footer.php(220): Astra_Builder_Helper::render_builder_markup('above', 2, 'desktop', 'footer')
#19 E:\xampp\htdocs\wordpress\wp-includes\class-wp-hook.php(303): Astra_Builder_Footer->render_column('above', 2)
#20 E:\xampp\htdocs\wordpress\wp-includes\class-wp-hook.php(327): WP_Hook->apply_filters('', Array)
#21 E:\xampp\htdocs\wordpress\wp-includes\plugin.php(470): WP_Hook->do_action(Array)
#22 E:\xampp\htdocs\wordpress\wp-content\themes\astra\template-parts\footer\builder\footer-row.php(61): do_action('astra_render_fo...', 'above', 2)
#23 E:\xampp\htdocs\wordpress\wp-includes\template.php(772): require('E:\\xampp\\htdocs...')
#24 E:\xampp\htdocs\wordpress\wp-includes\template.php(716): load_template('E:\\xampp\\htdocs...', false, Array)
#25 E:\xampp\htdocs\wordpress\wp-includes\general-template.php(204): locate_template(Array, true, false, Array)
#26 E:\xampp\htdocs\wordpress\wp-content\themes\astra\inc\builder\markup\class-astra-builder-footer.php(157): get_template_part('template-parts/...', 'row', Array)
#27 E:\xampp\htdocs\wordpress\wp-includes\class-wp-hook.php(303): Astra_Builder_Footer->above_footer('')
#28 E:\xampp\htdocs\wordpress\wp-includes\class-wp-hook.php(327): WP_Hook->apply_filters('', Array)
#29 E:\xampp\htdocs\wordpress\wp-includes\plugin.php(470): WP_Hook->do_action(Array)
#30 E:\xampp\htdocs\wordpress\wp-content\themes\astra\template-parts\footer\builder\desktop-builder-layout.php(33): do_action('astra_above_foo...')
#31 E:\xampp\htdocs\wordpress\wp-includes\template.php(772): require('E:\\xampp\\htdocs...')
#32 E:\xampp\htdocs\wordpress\wp-includes\template.php(716): load_template('E:\\xampp\\htdocs...', false, Array)
#33 E:\xampp\htdocs\wordpress\wp-includes\general-template.php(204): locate_template(Array, true, false, Array)
#34 E:\xampp\htdocs\wordpress\wp-content\themes\astra\inc\builder\markup\class-astra-builder-footer.php(142): get_template_part('template-parts/...')
#35 E:\xampp\htdocs\wordpress\wp-includes\class-wp-hook.php(303): Astra_Builder_Footer->footer_markup('')
#36 E:\xampp\htdocs\wordpress\wp-includes\class-wp-hook.php(327): WP_Hook->apply_filters(NULL, Array)
#37 E:\xampp\htdocs\wordpress\wp-includes\plugin.php(470): WP_Hook->do_action(Array)
#38 E:\xampp\htdocs\wordpress\wp-content\themes\astra\inc\core\theme-hooks.php(387): do_action('astra_footer')
#39 E:\xampp\htdocs\wordpress\wp-content\themes\astra\footer.php(26): astra_footer()
#40 E:\xampp\htdocs\wordpress\wp-includes\template.php(770): require_once('E:\\xampp\\htdocs...')
#41 E:\xampp\htdocs\wordpress\wp-includes\template.php(716): load_template('E:\\xampp\\htdocs...', true, Array)
#42 E:\xampp\htdocs\wordpress\wp-includes\general-template.php(92): locate_template(Array, true, true, Array)
#43 E:\xampp\htdocs\wordpress\wp-content\themes\astra\page.php(44): get_footer()
#44 E:\xampp\htdocs\wordpress\wp-includes\template-loader.php(106): include('E:\\xampp\\htdocs...')
#45 E:\xampp\htdocs\wordpress\wp-blog-header.php(19): require_once('E:\\xampp\\htdocs...')
#46 E:\xampp\htdocs\wordpress\index.php(17): require('E:\\xampp\\htdocs...')
#47 {main}
  thrown in E:\xampp\htdocs\wordpress\wp-content\plugins\woocommerce\packages\woocommerce-blocks\src\RestApi.php on line 64

2021-11-20T15:46:16+00:00 CRITICAL Uncaught Error: Call to undefined method WP_Error::get_data() in E:\xampp\htdocs\wordpress\wp-content\plugins\woocommerce\packages\woocommerce-blocks\src\RestApi.php:64
Stack trace:
#0 E:\xampp\htdocs\wordpress\wp-content\plugins\woocommerce\packages\woocommerce-blocks\src\BlockTypes\AbstractBlock.php(379): Automattic\WooCommerce\Blocks\RestApi->get_routes_from_namespace('wc/store')
#1 E:\xampp\htdocs\wordpress\wp-content\plugins\woocommerce\packages\woocommerce-blocks\src\BlockTypes\AbstractProductGrid.php(512): Automattic\WooCommerce\Blocks\BlockTypes\AbstractBlock->enqueue_data(Array)
#2 E:\xampp\htdocs\wordpress\wp-content\plugins\woocommerce\packages\woocommerce-blocks\src\BlockTypes\ProductTag.php(62): Automattic\WooCommerce\Blocks\BlockTypes\AbstractProductGrid->enqueue_data(Array)
#3 E:\xampp\htdocs\wordpress\wp-content\plugins\woocommerce\packages\woocommerce-blocks\src\BlockTypes\AbstractBlock.php(317): Automattic\WooCommerce\Blocks\BlockTypes\ProductTag->enqueue_data(Array)
#4 E:\xampp\htdocs\wordpress\wp-content\plugins\woocommerce\packages\woocommerce-blocks\src\BlockTypes\AbstractBlock.php(85): Automattic\WooCommerce\Blocks\BlockTypes\AbstractBlock->enqueue_assets(Array)
#5 E:\xampp\htdocs\wordpress\wp-includes\class-wp-block.php(221): Automattic\WooCommerce\Blocks\BlockTypes\AbstractBlock->render_callback(Array, '', Object(WP_Block))
#6 E:\xampp\htdocs\wordpress\wp-includes\blocks.php(868): WP_Block->render()
#7 E:\xampp\htdocs\wordpress\wp-includes\blocks.php(906): render_block(Array)
#8 E:\xampp\htdocs\wordpress\wp-includes\class-wp-hook.php(305): do_blocks('<!-- wp:woocomm...')
#9 E:\xampp\htdocs\wordpress\wp-includes\plugin.php(189): WP_Hook->apply_filters('<!-- wp:woocomm...', Array)
#10 E:\xampp\htdocs\wordpress\wp-includes\widgets\class-wp-widget-block.php(81): apply_filters('widget_block_co...', '<!-- wp:woocomm...', Array, Object(WP_Widget_Block))
#11 E:\xampp\htdocs\wordpress\wp-includes\class-wp-widget.php(393): WP_Widget_Block->widget(Array, Array)
#12 E:\xampp\htdocs\wordpress\wp-includes\widgets.php(831): WP_Widget->display_callback(Array, Array)
#13 E:\xampp\htdocs\wordpress\wp-content\themes\astra\inc\markup-extras.php(1276): dynamic_sidebar('footer-widget-2')
#14 E:\xampp\htdocs\wordpress\wp-content\themes\astra\template-parts\footer\builder\components.php(71): astra_get_sidebar('footer-widget-2')
#15 E:\xampp\htdocs\wordpress\wp-includes\template.php(772): require('E:\\xampp\\htdocs...')
#16 E:\xampp\htdocs\wordpress\wp-includes\template.php(716): load_template('E:\\xampp\\htdocs...', false, Array)
#17 E:\xampp\htdocs\wordpress\wp-includes\general-template.php(204): locate_template(Array, true, false, Array)
#18 E:\xampp\htdocs\wordpress\wp-content\themes\astra\inc\core\builder\class-astra-builder-helper.php(903): get_template_part('template-parts/...', '', Array)
#19 E:\xampp\htdocs\wordpress\wp-content\themes\astra\inc\builder\markup\class-astra-builder-footer.php(220): Astra_Builder_Helper::render_builder_markup('above', 2, 'desktop', 'footer')
#20 E:\xampp\htdocs\wordpress\wp-includes\class-wp-hook.php(303): Astra_Builder_Footer->render_column('above', 2)
#21 E:\xampp\htdocs\wordpress\wp-includes\class-wp-hook.php(327): WP_Hook->apply_filters('', Array)
#22 E:\xampp\htdocs\wordpress\wp-includes\plugin.php(470): WP_Hook->do_action(Array)
#23 E:\xampp\htdocs\wordpress\wp-content\themes\astra\template-parts\footer\builder\footer-row.php(61): do_action('astra_render_fo...', 'above', 2)
#24 E:\xampp\htdocs\wordpress\wp-includes\template.php(772): require('E:\\xampp\\htdocs...')
#25 E:\xampp\htdocs\wordpress\wp-includes\template.php(716): load_template('E:\\xampp\\htdocs...', false, Array)
#26 E:\xampp\htdocs\wordpress\wp-includes\general-template.php(204): locate_template(Array, true, false, Array)
#27 E:\xampp\htdocs\wordpress\wp-content\themes\astra\inc\builder\markup\class-astra-builder-footer.php(157): get_template_part('template-parts/...', 'row', Array)
#28 E:\xampp\htdocs\wordpress\wp-includes\class-wp-hook.php(303): Astra_Builder_Footer->above_footer('')
#29 E:\xampp\htdocs\wordpress\wp-includes\class-wp-hook.php(327): WP_Hook->apply_filters('', Array)
#30 E:\xampp\htdocs\wordpress\wp-includes\plugin.php(470): WP_Hook->do_action(Array)
#31 E:\xampp\htdocs\wordpress\wp-content\themes\astra\template-parts\footer\builder\desktop-builder-layout.php(33): do_action('astra_above_foo...')
#32 E:\xampp\htdocs\wordpress\wp-includes\template.php(772): require('E:\\xampp\\htdocs...')
#33 E:\xampp\htdocs\wordpress\wp-includes\template.php(716): load_template('E:\\xampp\\htdocs...', false, Array)
#34 E:\xampp\htdocs\wordpress\wp-includes\general-template.php(204): locate_template(Array, true, false, Array)
#35 E:\xampp\htdocs\wordpress\wp-content\themes\astra\inc\builder\markup\class-astra-builder-footer.php(142): get_template_part('template-parts/...')
#36 E:\xampp\htdocs\wordpress\wp-includes\class-wp-hook.php(303): Astra_Builder_Footer->footer_markup('')
#37 E:\xampp\htdocs\wordpress\wp-includes\class-wp-hook.php(327): WP_Hook->apply_filters(NULL, Array)
#38 E:\xampp\htdocs\wordpress\wp-includes\plugin.php(470): WP_Hook->do_action(Array)
#39 E:\xampp\htdocs\wordpress\wp-content\themes\astra\inc\core\theme-hooks.php(387): do_action('astra_footer')
#40 E:\xampp\htdocs\wordpress\wp-content\themes\astra\footer.php(26): astra_footer()
#41 E:\xampp\htdocs\wordpress\wp-includes\template.php(770): require_once('E:\\xampp\\htdocs...')
#42 E:\xampp\htdocs\wordpress\wp-includes\template.php(716): load_template('E:\\xampp\\htdocs...', true, Array)
#43 E:\xampp\htdocs\wordpress\wp-includes\general-template.php(92): locate_template(Array, true, true, Array)
#44 E:\xampp\htdocs\wordpress\wp-content\themes\astra\page.php(44): get_footer()
#45 E:\xampp\htdocs\wordpress\wp-includes\template-loader.php(106): include('E:\\xampp\\htdocs...')
#46 E:\xampp\htdocs\wordpress\wp-blog-header.php(19): require_once('E:\\xampp\\htdocs...')
#47 E:\xampp\htdocs\wordpress\index.php(17): require('E:\\xampp\\htdocs...')
#48 {main}
  thrown in E:\xampp\htdocs\wordpress\wp-content\plugins\woocommerce\packages\woocommerce-blocks\src\RestApi.php on line 64

2021-11-20T15:46:43+00:00 CRITICAL Uncaught Error: Call to undefined method WP_Error::get_data() in E:\xampp\htdocs\wordpress\wp-content\plugins\woocommerce\packages\woocommerce-blocks\src\RestApi.php:64
Stack trace:
#0 E:\xampp\htdocs\wordpress\wp-content\plugins\woocommerce\packages\woocommerce-blocks\src\BlockTypes\AbstractBlock.php(379): Automattic\WooCommerce\Blocks\RestApi->get_routes_from_namespace('wc/store')
#1 E:\xampp\htdocs\wordpress\wp-content\plugins\woocommerce\packages\woocommerce-blocks\src\BlockTypes\AbstractProductGrid.php(512): Automattic\WooCommerce\Blocks\BlockTypes\AbstractBlock->enqueue_data(Array)
#2 E:\xampp\htdocs\wordpress\wp-content\plugins\woocommerce\packages\woocommerce-blocks\src\BlockTypes\ProductTag.php(62): Automattic\WooCommerce\Blocks\BlockTypes\AbstractProductGrid->enqueue_data(Array)
#3 E:\xampp\htdocs\wordpress\wp-content\plugins\woocommerce\packages\woocommerce-blocks\src\BlockTypes\AbstractBlock.php(317): Automattic\WooCommerce\Blocks\BlockTypes\ProductTag->enqueue_data(Array)
#4 E:\xampp\htdocs\wordpress\wp-content\plugins\woocommerce\packages\woocommerce-blocks\src\BlockTypes\AbstractBlock.php(85): Automattic\WooCommerce\Blocks\BlockTypes\AbstractBlock->enqueue_assets(Array)
#5 E:\xampp\htdocs\wordpress\wp-includes\class-wp-block.php(221): Automattic\WooCommerce\Blocks\BlockTypes\AbstractBlock->render_callback(Array, '', Object(WP_Block))
#6 E:\xampp\htdocs\wordpress\wp-includes\blocks.php(868): WP_Block->render()
#7 E:\xampp\htdocs\wordpress\wp-includes\blocks.php(906): render_block(Array)
#8 E:\xampp\htdocs\wordpress\wp-includes\class-wp-hook.php(305): do_blocks('<!-- wp:woocomm...')
#9 E:\xampp\htdocs\wordpress\wp-includes\plugin.php(189): WP_Hook->apply_filters('<!-- wp:woocomm...', Array)
#10 E:\xampp\htdocs\wordpress\wp-includes\widgets\class-wp-widget-block.php(81): apply_filters('widget_block_co...', '<!-- wp:woocomm...', Array, Object(WP_Widget_Block))
#11 E:\xampp\htdocs\wordpress\wp-includes\class-wp-widget.php(393): WP_Widget_Block->widget(Array, Array)
#12 E:\xampp\htdocs\wordpress\wp-includes\widgets.php(831): WP_Widget->display_callback(Array, Array)
#13 E:\xampp\htdocs\wordpress\wp-content\themes\astra\inc\markup-extras.php(1276): dynamic_sidebar('footer-widget-2')
#14 E:\xampp\htdocs\wordpress\wp-content\themes\astra\template-parts\footer\builder\components.php(71): astra_get_sidebar('footer-widget-2')
#15 E:\xampp\htdocs\wordpress\wp-includes\template.php(772): require('E:\\xampp\\htdocs...')
#16 E:\xampp\htdocs\wordpress\wp-includes\template.php(716): load_template('E:\\xampp\\htdocs...', false, Array)
#17 E:\xampp\htdocs\wordpress\wp-includes\general-template.php(204): locate_template(Array, true, false, Array)
#18 E:\xampp\htdocs\wordpress\wp-content\themes\astra\inc\core\builder\class-astra-builder-helper.php(903): get_template_part('template-parts/...', '', Array)
#19 E:\xampp\htdocs\wordpress\wp-content\themes\astra\inc\builder\markup\class-astra-builder-footer.php(220): Astra_Builder_Helper::render_builder_markup('above', 2, 'desktop', 'footer')
#20 E:\xampp\htdocs\wordpress\wp-includes\class-wp-hook.php(303): Astra_Builder_Footer->render_column('above', 2)
#21 E:\xampp\htdocs\wordpress\wp-includes\class-wp-hook.php(327): WP_Hook->apply_filters('', Array)
#22 E:\xampp\htdocs\wordpress\wp-includes\plugin.php(470): WP_Hook->do_action(Array)
#23 E:\xampp\htdocs\wordpress\wp-content\themes\astra\template-parts\footer\builder\footer-row.php(61): do_action('astra_render_fo...', 'above', 2)
#24 E:\xampp\htdocs\wordpress\wp-includes\template.php(772): require('E:\\xampp\\htdocs...')
#25 E:\xampp\htdocs\wordpress\wp-includes\template.php(716): load_template('E:\\xampp\\htdocs...', false, Array)
#26 E:\xampp\htdocs\wordpress\wp-includes\general-template.php(204): locate_template(Array, true, false, Array)
#27 E:\xampp\htdocs\wordpress\wp-content\themes\astra\inc\builder\markup\class-astra-builder-footer.php(157): get_template_part('template-parts/...', 'row', Array)
#28 E:\xampp\htdocs\wordpress\wp-includes\class-wp-hook.php(303): Astra_Builder_Footer->above_footer('')
#29 E:\xampp\htdocs\wordpress\wp-includes\class-wp-hook.php(327): WP_Hook->apply_filters('', Array)
#30 E:\xampp\htdocs\wordpress\wp-includes\plugin.php(470): WP_Hook->do_action(Array)
#31 E:\xampp\htdocs\wordpress\wp-content\themes\astra\template-parts\footer\builder\desktop-builder-layout.php(33): do_action('astra_above_foo...')
#32 E:\xampp\htdocs\wordpress\wp-includes\template.php(772): require('E:\\xampp\\htdocs...')
#33 E:\xampp\htdocs\wordpress\wp-includes\template.php(716): load_template('E:\\xampp\\htdocs...', false, Array)
#34 E:\xampp\htdocs\wordpress\wp-includes\general-template.php(204): locate_template(Array, true, false, Array)
#35 E:\xampp\htdocs\wordpress\wp-content\themes\astra\inc\builder\markup\class-astra-builder-footer.php(142): get_template_part('template-parts/...')
#36 E:\xampp\htdocs\wordpress\wp-includes\class-wp-hook.php(303): Astra_Builder_Footer->footer_markup('')
#37 E:\xampp\htdocs\wordpress\wp-includes\class-wp-hook.php(327): WP_Hook->apply_filters(NULL, Array)
#38 E:\xampp\htdocs\wordpress\wp-includes\plugin.php(470): WP_Hook->do_action(Array)
#39 E:\xampp\htdocs\wordpress\wp-content\themes\astra\inc\core\theme-hooks.php(387): do_action('astra_footer')
#40 E:\xampp\htdocs\wordpress\wp-content\themes\astra\footer.php(26): astra_footer()
#41 E:\xampp\htdocs\wordpress\wp-includes\template.php(770): require_once('E:\\xampp\\htdocs...')
#42 E:\xampp\htdocs\wordpress\wp-includes\template.php(716): load_template('E:\\xampp\\htdocs...', true, Array)
#43 E:\xampp\htdocs\wordpress\wp-includes\general-template.php(92): locate_template(Array, true, true, Array)
#44 E:\xampp\htdocs\wordpress\wp-content\themes\astra\page.php(44): get_footer()
#45 E:\xampp\htdocs\wordpress\wp-includes\template-loader.php(106): include('E:\\xampp\\htdocs...')
#46 E:\xampp\htdocs\wordpress\wp-blog-header.php(19): require_once('E:\\xampp\\htdocs...')
#47 E:\xampp\htdocs\wordpress\index.php(17): require('E:\\xampp\\htdocs...')
#48 {main}
  thrown in E:\xampp\htdocs\wordpress\wp-content\plugins\woocommerce\packages\woocommerce-blocks\src\RestApi.php on line 64

2021-11-20T15:48:59+00:00 CRITICAL Uncaught Error: Call to undefined method WP_Error::get_data() in E:\xampp\htdocs\wordpress\wp-content\plugins\woocommerce\packages\woocommerce-blocks\src\RestApi.php:64
Stack trace:
#0 E:\xampp\htdocs\wordpress\wp-content\plugins\woocommerce\packages\woocommerce-blocks\src\BlockTypes\AbstractBlock.php(379): Automattic\WooCommerce\Blocks\RestApi->get_routes_from_namespace('wc/store')
#1 E:\xampp\htdocs\wordpress\wp-content\plugins\woocommerce\packages\woocommerce-blocks\src\BlockTypes\AbstractBlock.php(317): Automattic\WooCommerce\Blocks\BlockTypes\AbstractBlock->enqueue_data(Array)
#2 E:\xampp\htdocs\wordpress\wp-content\plugins\woocommerce\packages\woocommerce-blocks\src\BlockTypes\AbstractBlock.php(85): Automattic\WooCommerce\Blocks\BlockTypes\AbstractBlock->enqueue_assets(Array)
#3 E:\xampp\htdocs\wordpress\wp-includes\class-wp-block.php(221): Automattic\WooCommerce\Blocks\BlockTypes\AbstractBlock->render_callback(Array, '', Object(WP_Block))
#4 E:\xampp\htdocs\wordpress\wp-includes\blocks.php(868): WP_Block->render()
#5 E:\xampp\htdocs\wordpress\wp-includes\blocks.php(906): render_block(Array)
#6 E:\xampp\htdocs\wordpress\wp-includes\class-wp-hook.php(305): do_blocks('<!-- wp:woocomm...')
#7 E:\xampp\htdocs\wordpress\wp-includes\plugin.php(189): WP_Hook->apply_filters('<!-- wp:woocomm...', Array)
#8 E:\xampp\htdocs\wordpress\wp-includes\widgets\class-wp-widget-block.php(81): apply_filters('widget_block_co...', '<!-- wp:woocomm...', Array, Object(WP_Widget_Block))
#9 E:\xampp\htdocs\wordpress\wp-includes\class-wp-widget.php(393): WP_Widget_Block->widget(Array, Array)
#10 E:\xampp\htdocs\wordpress\wp-includes\widgets.php(831): WP_Widget->display_callback(Array, Array)
#11 E:\xampp\htdocs\wordpress\wp-content\themes\astra\inc\markup-extras.php(1276): dynamic_sidebar('footer-widget-2')
#12 E:\xampp\htdocs\wordpress\wp-content\themes\astra\template-parts\footer\builder\components.php(71): astra_get_sidebar('footer-widget-2')
#13 E:\xampp\htdocs\wordpress\wp-includes\template.php(772): require('E:\\xampp\\htdocs...')
#14 E:\xampp\htdocs\wordpress\wp-includes\template.php(716): load_template('E:\\xampp\\htdocs...', false, Array)
#15 E:\xampp\htdocs\wordpress\wp-includes\general-template.php(204): locate_template(Array, true, false, Array)
#16 E:\xampp\htdocs\wordpress\wp-content\themes\astra\inc\core\builder\class-astra-builder-helper.php(903): get_template_part('template-parts/...', '', Array)
#17 E:\xampp\htdocs\wordpress\wp-content\themes\astra\inc\builder\markup\class-astra-builder-footer.php(220): Astra_Builder_Helper::render_builder_markup('above', 2, 'desktop', 'footer')
#18 E:\xampp\htdocs\wordpress\wp-includes\class-wp-hook.php(303): Astra_Builder_Footer->render_column('above', 2)
#19 E:\xampp\htdocs\wordpress\wp-includes\class-wp-hook.php(327): WP_Hook->apply_filters('', Array)
#20 E:\xampp\htdocs\wordpress\wp-includes\plugin.php(470): WP_Hook->do_action(Array)
#21 E:\xampp\htdocs\wordpress\wp-content\themes\astra\template-parts\footer\builder\footer-row.php(61): do_action('astra_render_fo...', 'above', 2)
#22 E:\xampp\htdocs\wordpress\wp-includes\template.php(772): require('E:\\xampp\\htdocs...')
#23 E:\xampp\htdocs\wordpress\wp-includes\template.php(716): load_template('E:\\xampp\\htdocs...', false, Array)
#24 E:\xampp\htdocs\wordpress\wp-includes\general-template.php(204): locate_template(Array, true, false, Array)
#25 E:\xampp\htdocs\wordpress\wp-content\themes\astra\inc\builder\markup\class-astra-builder-footer.php(157): get_template_part('template-parts/...', 'row', Array)
#26 E:\xampp\htdocs\wordpress\wp-includes\class-wp-hook.php(303): Astra_Builder_Footer->above_footer('')
#27 E:\xampp\htdocs\wordpress\wp-includes\class-wp-hook.php(327): WP_Hook->apply_filters('', Array)
#28 E:\xampp\htdocs\wordpress\wp-includes\plugin.php(470): WP_Hook->do_action(Array)
#29 E:\xampp\htdocs\wordpress\wp-content\themes\astra\template-parts\footer\builder\desktop-builder-layout.php(33): do_action('astra_above_foo...')
#30 E:\xampp\htdocs\wordpress\wp-includes\template.php(772): require('E:\\xampp\\htdocs...')
#31 E:\xampp\htdocs\wordpress\wp-includes\template.php(716): load_template('E:\\xampp\\htdocs...', false, Array)
#32 E:\xampp\htdocs\wordpress\wp-includes\general-template.php(204): locate_template(Array, true, false, Array)
#33 E:\xampp\htdocs\wordpress\wp-content\themes\astra\inc\builder\markup\class-astra-builder-footer.php(142): get_template_part('template-parts/...')
#34 E:\xampp\htdocs\wordpress\wp-includes\class-wp-hook.php(303): Astra_Builder_Footer->footer_markup('')
#35 E:\xampp\htdocs\wordpress\wp-includes\class-wp-hook.php(327): WP_Hook->apply_filters(NULL, Array)
#36 E:\xampp\htdocs\wordpress\wp-includes\plugin.php(470): WP_Hook->do_action(Array)
#37 E:\xampp\htdocs\wordpress\wp-content\themes\astra\inc\core\theme-hooks.php(387): do_action('astra_footer')
#38 E:\xampp\htdocs\wordpress\wp-content\themes\astra\footer.php(26): astra_footer()
#39 E:\xampp\htdocs\wordpress\wp-includes\template.php(770): require_once('E:\\xampp\\htdocs...')
#40 E:\xampp\htdocs\wordpress\wp-includes\template.php(716): load_template('E:\\xampp\\htdocs...', true, Array)
#41 E:\xampp\htdocs\wordpress\wp-includes\general-template.php(92): locate_template(Array, true, true, Array)
#42 E:\xampp\htdocs\wordpress\wp-content\themes\astra\page.php(44): get_footer()
#43 E:\xampp\htdocs\wordpress\wp-includes\template-loader.php(106): include('E:\\xampp\\htdocs...')
#44 E:\xampp\htdocs\wordpress\wp-blog-header.php(19): require_once('E:\\xampp\\htdocs...')
#45 E:\xampp\htdocs\wordpress\index.php(17): require('E:\\xampp\\htdocs...')
#46 {main}
  thrown in E:\xampp\htdocs\wordpress\wp-content\plugins\woocommerce\packages\woocommerce-blocks\src\RestApi.php on line 64

2021-11-20T15:49:43+00:00 CRITICAL Uncaught Error: Call to undefined method WP_Error::get_data() in E:\xampp\htdocs\wordpress\wp-content\plugins\woocommerce\packages\woocommerce-blocks\src\RestApi.php:64
Stack trace:
#0 E:\xampp\htdocs\wordpress\wp-content\plugins\woocommerce\packages\woocommerce-blocks\src\BlockTypes\AbstractBlock.php(379): Automattic\WooCommerce\Blocks\RestApi->get_routes_from_namespace('wc/store')
#1 E:\xampp\htdocs\wordpress\wp-content\plugins\woocommerce\packages\woocommerce-blocks\src\BlockTypes\AbstractBlock.php(317): Automattic\WooCommerce\Blocks\BlockTypes\AbstractBlock->enqueue_data(Array)
#2 E:\xampp\htdocs\wordpress\wp-content\plugins\woocommerce\packages\woocommerce-blocks\src\BlockTypes\AbstractBlock.php(85): Automattic\WooCommerce\Blocks\BlockTypes\AbstractBlock->enqueue_assets(Array)
#3 E:\xampp\htdocs\wordpress\wp-includes\class-wp-block.php(221): Automattic\WooCommerce\Blocks\BlockTypes\AbstractBlock->render_callback(Array, '', Object(WP_Block))
#4 E:\xampp\htdocs\wordpress\wp-includes\blocks.php(868): WP_Block->render()
#5 E:\xampp\htdocs\wordpress\wp-includes\blocks.php(906): render_block(Array)
#6 E:\xampp\htdocs\wordpress\wp-includes\class-wp-hook.php(305): do_blocks('<!-- wp:woocomm...')
#7 E:\xampp\htdocs\wordpress\wp-includes\plugin.php(189): WP_Hook->apply_filters('<!-- wp:woocomm...', Array)
#8 E:\xampp\htdocs\wordpress\wp-includes\widgets\class-wp-widget-block.php(81): apply_filters('widget_block_co...', '<!-- wp:woocomm...', Array, Object(WP_Widget_Block))
#9 E:\xampp\htdocs\wordpress\wp-includes\class-wp-widget.php(393): WP_Widget_Block->widget(Array, Array)
#10 E:\xampp\htdocs\wordpress\wp-includes\widgets.php(831): WP_Widget->display_callback(Array, Array)
#11 E:\xampp\htdocs\wordpress\wp-content\themes\astra\inc\markup-extras.php(1276): dynamic_sidebar('footer-widget-2')
#12 E:\xampp\htdocs\wordpress\wp-content\themes\astra\template-parts\footer\builder\components.php(71): astra_get_sidebar('footer-widget-2')
#13 E:\xampp\htdocs\wordpress\wp-includes\template.php(772): require('E:\\xampp\\htdocs...')
#14 E:\xampp\htdocs\wordpress\wp-includes\template.php(716): load_template('E:\\xampp\\htdocs...', false, Array)
#15 E:\xampp\htdocs\wordpress\wp-includes\general-template.php(204): locate_template(Array, true, false, Array)
#16 E:\xampp\htdocs\wordpress\wp-content\themes\astra\inc\core\builder\class-astra-builder-helper.php(903): get_template_part('template-parts/...', '', Array)
#17 E:\xampp\htdocs\wordpress\wp-content\themes\astra\inc\builder\markup\class-astra-builder-footer.php(220): Astra_Builder_Helper::render_builder_markup('above', 2, 'desktop', 'footer')
#18 E:\xampp\htdocs\wordpress\wp-includes\class-wp-hook.php(303): Astra_Builder_Footer->render_column('above', 2)
#19 E:\xampp\htdocs\wordpress\wp-includes\class-wp-hook.php(327): WP_Hook->apply_filters('', Array)
#20 E:\xampp\htdocs\wordpress\wp-includes\plugin.php(470): WP_Hook->do_action(Array)
#21 E:\xampp\htdocs\wordpress\wp-content\themes\astra\template-parts\footer\builder\footer-row.php(61): do_action('astra_render_fo...', 'above', 2)
#22 E:\xampp\htdocs\wordpress\wp-includes\template.php(772): require('E:\\xampp\\htdocs...')
#23 E:\xampp\htdocs\wordpress\wp-includes\template.php(716): load_template('E:\\xampp\\htdocs...', false, Array)
#24 E:\xampp\htdocs\wordpress\wp-includes\general-template.php(204): locate_template(Array, true, false, Array)
#25 E:\xampp\htdocs\wordpress\wp-content\themes\astra\inc\builder\markup\class-astra-builder-footer.php(157): get_template_part('template-parts/...', 'row', Array)
#26 E:\xampp\htdocs\wordpress\wp-includes\class-wp-hook.php(303): Astra_Builder_Footer->above_footer('')
#27 E:\xampp\htdocs\wordpress\wp-includes\class-wp-hook.php(327): WP_Hook->apply_filters('', Array)
#28 E:\xampp\htdocs\wordpress\wp-includes\plugin.php(470): WP_Hook->do_action(Array)
#29 E:\xampp\htdocs\wordpress\wp-content\themes\astra\template-parts\footer\builder\desktop-builder-layout.php(33): do_action('astra_above_foo...')
#30 E:\xampp\htdocs\wordpress\wp-includes\template.php(772): require('E:\\xampp\\htdocs...')
#31 E:\xampp\htdocs\wordpress\wp-includes\template.php(716): load_template('E:\\xampp\\htdocs...', false, Array)
#32 E:\xampp\htdocs\wordpress\wp-includes\general-template.php(204): locate_template(Array, true, false, Array)
#33 E:\xampp\htdocs\wordpress\wp-content\themes\astra\inc\builder\markup\class-astra-builder-footer.php(142): get_template_part('template-parts/...')
#34 E:\xampp\htdocs\wordpress\wp-includes\class-wp-hook.php(303): Astra_Builder_Footer->footer_markup('')
#35 E:\xampp\htdocs\wordpress\wp-includes\class-wp-hook.php(327): WP_Hook->apply_filters(NULL, Array)
#36 E:\xampp\htdocs\wordpress\wp-includes\plugin.php(470): WP_Hook->do_action(Array)
#37 E:\xampp\htdocs\wordpress\wp-content\themes\astra\inc\core\theme-hooks.php(387): do_action('astra_footer')
#38 E:\xampp\htdocs\wordpress\wp-content\themes\astra\footer.php(26): astra_footer()
#39 E:\xampp\htdocs\wordpress\wp-includes\template.php(770): require_once('E:\\xampp\\htdocs...')
#40 E:\xampp\htdocs\wordpress\wp-includes\template.php(716): load_template('E:\\xampp\\htdocs...', true, Array)
#41 E:\xampp\htdocs\wordpress\wp-includes\general-template.php(92): locate_template(Array, true, true, Array)
#42 E:\xampp\htdocs\wordpress\wp-content\themes\astra\page.php(44): get_footer()
#43 E:\xampp\htdocs\wordpress\wp-includes\template-loader.php(106): include('E:\\xampp\\htdocs...')
#44 E:\xampp\htdocs\wordpress\wp-blog-header.php(19): require_once('E:\\xampp\\htdocs...')
#45 E:\xampp\htdocs\wordpress\index.php(17): require('E:\\xampp\\htdocs...')
#46 {main}
  thrown in E:\xampp\htdocs\wordpress\wp-content\plugins\woocommerce\packages\woocommerce-blocks\src\RestApi.php on line 64

2021-11-20T15:50:02+00:00 CRITICAL Uncaught Error: Call to undefined method WP_Error::get_data() in E:\xampp\htdocs\wordpress\wp-content\plugins\woocommerce\packages\woocommerce-blocks\src\RestApi.php:64
Stack trace:
#0 E:\xampp\htdocs\wordpress\wp-content\plugins\woocommerce\packages\woocommerce-blocks\src\BlockTypes\AbstractBlock.php(379): Automattic\WooCommerce\Blocks\RestApi->get_routes_from_namespace('wc/store')
#1 E:\xampp\htdocs\wordpress\wp-content\plugins\woocommerce\packages\woocommerce-blocks\src\BlockTypes\AbstractBlock.php(317): Automattic\WooCommerce\Blocks\BlockTypes\AbstractBlock->enqueue_data(Array)
#2 E:\xampp\htdocs\wordpress\wp-content\plugins\woocommerce\packages\woocommerce-blocks\src\BlockTypes\AbstractBlock.php(85): Automattic\WooCommerce\Blocks\BlockTypes\AbstractBlock->enqueue_assets(Array)
#3 E:\xampp\htdocs\wordpress\wp-includes\class-wp-block.php(221): Automattic\WooCommerce\Blocks\BlockTypes\AbstractBlock->render_callback(Array, '', Object(WP_Block))
#4 E:\xampp\htdocs\wordpress\wp-includes\blocks.php(868): WP_Block->render()
#5 E:\xampp\htdocs\wordpress\wp-includes\blocks.php(906): render_block(Array)
#6 E:\xampp\htdocs\wordpress\wp-includes\class-wp-hook.php(305): do_blocks('<!-- wp:woocomm...')
#7 E:\xampp\htdocs\wordpress\wp-includes\plugin.php(189): WP_Hook->apply_filters('<!-- wp:woocomm...', Array)
#8 E:\xampp\htdocs\wordpress\wp-includes\widgets\class-wp-widget-block.php(81): apply_filters('widget_block_co...', '<!-- wp:woocomm...', Array, Object(WP_Widget_Block))
#9 E:\xampp\htdocs\wordpress\wp-includes\class-wp-widget.php(393): WP_Widget_Block->widget(Array, Array)
#10 E:\xampp\htdocs\wordpress\wp-includes\widgets.php(831): WP_Widget->display_callback(Array, Array)
#11 E:\xampp\htdocs\wordpress\wp-content\themes\astra\inc\markup-extras.php(1276): dynamic_sidebar('footer-widget-2')
#12 E:\xampp\htdocs\wordpress\wp-content\themes\astra\template-parts\footer\builder\components.php(71): astra_get_sidebar('footer-widget-2')
#13 E:\xampp\htdocs\wordpress\wp-includes\template.php(772): require('E:\\xampp\\htdocs...')
#14 E:\xampp\htdocs\wordpress\wp-includes\template.php(716): load_template('E:\\xampp\\htdocs...', false, Array)
#15 E:\xampp\htdocs\wordpress\wp-includes\general-template.php(204): locate_template(Array, true, false, Array)
#16 E:\xampp\htdocs\wordpress\wp-content\themes\astra\inc\core\builder\class-astra-builder-helper.php(903): get_template_part('template-parts/...', '', Array)
#17 E:\xampp\htdocs\wordpress\wp-content\themes\astra\inc\builder\markup\class-astra-builder-footer.php(220): Astra_Builder_Helper::render_builder_markup('above', 2, 'desktop', 'footer')
#18 E:\xampp\htdocs\wordpress\wp-includes\class-wp-hook.php(303): Astra_Builder_Footer->render_column('above', 2)
#19 E:\xampp\htdocs\wordpress\wp-includes\class-wp-hook.php(327): WP_Hook->apply_filters('', Array)
#20 E:\xampp\htdocs\wordpress\wp-includes\plugin.php(470): WP_Hook->do_action(Array)
#21 E:\xampp\htdocs\wordpress\wp-content\themes\astra\template-parts\footer\builder\footer-row.php(61): do_action('astra_render_fo...', 'above', 2)
#22 E:\xampp\htdocs\wordpress\wp-includes\template.php(772): require('E:\\xampp\\htdocs...')
#23 E:\xampp\htdocs\wordpress\wp-includes\template.php(716): load_template('E:\\xampp\\htdocs...', false, Array)
#24 E:\xampp\htdocs\wordpress\wp-includes\general-template.php(204): locate_template(Array, true, false, Array)
#25 E:\xampp\htdocs\wordpress\wp-content\themes\astra\inc\builder\markup\class-astra-builder-footer.php(157): get_template_part('template-parts/...', 'row', Array)
#26 E:\xampp\htdocs\wordpress\wp-includes\class-wp-hook.php(303): Astra_Builder_Footer->above_footer('')
#27 E:\xampp\htdocs\wordpress\wp-includes\class-wp-hook.php(327): WP_Hook->apply_filters('', Array)
#28 E:\xampp\htdocs\wordpress\wp-includes\plugin.php(470): WP_Hook->do_action(Array)
#29 E:\xampp\htdocs\wordpress\wp-content\themes\astra\template-parts\footer\builder\desktop-builder-layout.php(33): do_action('astra_above_foo...')
#30 E:\xampp\htdocs\wordpress\wp-includes\template.php(772): require('E:\\xampp\\htdocs...')
#31 E:\xampp\htdocs\wordpress\wp-includes\template.php(716): load_template('E:\\xampp\\htdocs...', false, Array)
#32 E:\xampp\htdocs\wordpress\wp-includes\general-template.php(204): locate_template(Array, true, false, Array)
#33 E:\xampp\htdocs\wordpress\wp-content\themes\astra\inc\builder\markup\class-astra-builder-footer.php(142): get_template_part('template-parts/...')
#34 E:\xampp\htdocs\wordpress\wp-includes\class-wp-hook.php(303): Astra_Builder_Footer->footer_markup('')
#35 E:\xampp\htdocs\wordpress\wp-includes\class-wp-hook.php(327): WP_Hook->apply_filters(NULL, Array)
#36 E:\xampp\htdocs\wordpress\wp-includes\plugin.php(470): WP_Hook->do_action(Array)
#37 E:\xampp\htdocs\wordpress\wp-content\themes\astra\inc\core\theme-hooks.php(387): do_action('astra_footer')
#38 E:\xampp\htdocs\wordpress\wp-content\themes\astra\footer.php(26): astra_footer()
#39 E:\xampp\htdocs\wordpress\wp-includes\template.php(770): require_once('E:\\xampp\\htdocs...')
#40 E:\xampp\htdocs\wordpress\wp-includes\template.php(716): load_template('E:\\xampp\\htdocs...', true, Array)
#41 E:\xampp\htdocs\wordpress\wp-includes\general-template.php(92): locate_template(Array, true, true, Array)
#42 E:\xampp\htdocs\wordpress\wp-content\themes\astra\page.php(44): get_footer()
#43 E:\xampp\htdocs\wordpress\wp-includes\template-loader.php(106): include('E:\\xampp\\htdocs...')
#44 E:\xampp\htdocs\wordpress\wp-blog-header.php(19): require_once('E:\\xampp\\htdocs...')
#45 E:\xampp\htdocs\wordpress\index.php(17): require('E:\\xampp\\htdocs...')
#46 {main}
  thrown in E:\xampp\htdocs\wordpress\wp-content\plugins\woocommerce\packages\woocommerce-blocks\src\RestApi.php on line 64

