2021-11-19T07:28:21+00:00 CRITICAL Uncaught Error: Undefined constant "WP_ENVIRONMENT_TYPE" in E:\xampp\htdocs\wordpress\wp-content\plugins\woocommerce\packages\woocommerce-admin\src\Schedulers\MailchimpScheduler.php:90
Stack trace:
#0 E:\xampp\htdocs\wordpress\wp-content\plugins\woocommerce\packages\woocommerce-admin\src\Schedulers\MailchimpScheduler.php(90): constant('WP_ENVIRONMENT_...')
#1 E:\xampp\htdocs\wordpress\wp-content\plugins\woocommerce\packages\woocommerce-admin\src\Schedulers\MailchimpScheduler.php(58): Automattic\WooCommerce\Admin\Schedulers\MailchimpScheduler->make_request('1812856@dlu.edu...')
#2 E:\xampp\htdocs\wordpress\wp-content\plugins\woocommerce\packages\woocommerce-admin\src\Events.php(109): Automattic\WooCommerce\Admin\Schedulers\MailchimpScheduler->run()
#3 E:\xampp\htdocs\wordpress\wp-includes\class-wp-hook.php(303): Automattic\WooCommerce\Admin\Events->do_wc_admin_daily()
#4 E:\xampp\htdocs\wordpress\wp-includes\class-wp-hook.php(327): WP_Hook->apply_filters('', Array)
#5 E:\xampp\htdocs\wordpress\wp-includes\plugin.php(518): WP_Hook->do_action(Array)
#6 E:\xampp\htdocs\wordpress\wp-cron.php(138): do_action_ref_array('wc_admin_daily', Array)
#7 {main}
  thrown in E:\xampp\htdocs\wordpress\wp-content\plugins\woocommerce\packages\woocommerce-admin\src\Schedulers\MailchimpScheduler.php on line 90

2021-11-19T09:03:39+00:00 CRITICAL Uncaught TypeError: Freemius::setup_account(): Argument #1 ($user) must be of type FS_User, null given, called in E:\xampp\htdocs\wordpress\wp-content\plugins\ultimate-blocks\includes\freemius\includes\class-freemius.php on line 17462 and defined in E:\xampp\htdocs\wordpress\wp-content\plugins\ultimate-blocks\includes\freemius\includes\class-freemius.php:16847
Stack trace:
#0 E:\xampp\htdocs\wordpress\wp-content\plugins\ultimate-blocks\includes\freemius\includes\class-freemius.php(17462): Freemius->setup_account(NULL, Object(FS_Site), true)
#1 E:\xampp\htdocs\wordpress\wp-content\plugins\ultimate-blocks\includes\freemius\includes\class-freemius.php(17402): Freemius->install_with_user(Object(FS_User), false, false, true, true, Array)
#2 E:\xampp\htdocs\wordpress\wp-content\plugins\ultimate-blocks\includes\freemius\includes\class-freemius.php(17374): Freemius->install_with_current_user(false)
#3 E:\xampp\htdocs\wordpress\wp-content\plugins\ultimate-blocks\includes\freemius\includes\class-freemius.php(18061): Freemius->_install_with_current_user()
#4 E:\xampp\htdocs\wordpress\wp-content\plugins\ultimate-blocks\includes\freemius\includes\class-freemius.php(17936): Freemius->override_plugin_menu_with_activation()
#5 E:\xampp\htdocs\wordpress\wp-content\plugins\ultimate-blocks\includes\freemius\includes\class-freemius.php(17916): Freemius->add_menu_action()
#6 E:\xampp\htdocs\wordpress\wp-includes\class-wp-hook.php(303): Freemius->_prepare_admin_menu('')
#7 E:\xampp\htdocs\wordpress\wp-includes\class-wp-hook.php(327): WP_Hook->apply_filters(NULL, Array)
#8 E:\xampp\htdocs\wordpress\wp-includes\plugin.php(470): WP_Hook->do_action(Array)
#9 E:\xampp\htdocs\wordpress\wp-admin\includes\menu.php(155): do_action('admin_menu', '')
#10 E:\xampp\htdocs\wordpress\wp-admin\menu.php(341): require_once('E:\\xampp\\htdocs...')
#11 E:\xampp\htdocs\wordpress\wp-admin\admin.php(158): require('E:\\xampp\\htdocs...')
#12 {main}
  thrown in E:\xampp\htdocs\wordpress\wp-content\plugins\ultimate-blocks\includes\freemius\includes\class-freemius.php on line 16847

2021-11-19T11:41:32+00:00 CRITICAL Uncaught TypeError: Freemius::setup_account(): Argument #1 ($user) must be of type FS_User, null given, called in E:\xampp\htdocs\wordpress\wp-content\plugins\ultimate-blocks\includes\freemius\includes\class-freemius.php on line 17462 and defined in E:\xampp\htdocs\wordpress\wp-content\plugins\ultimate-blocks\includes\freemius\includes\class-freemius.php:16847
Stack trace:
#0 E:\xampp\htdocs\wordpress\wp-content\plugins\ultimate-blocks\includes\freemius\includes\class-freemius.php(17462): Freemius->setup_account(NULL, Object(FS_Site), true)
#1 E:\xampp\htdocs\wordpress\wp-content\plugins\ultimate-blocks\includes\freemius\includes\class-freemius.php(17402): Freemius->install_with_user(Object(FS_User), false, false, true, true, Array)
#2 E:\xampp\htdocs\wordpress\wp-content\plugins\ultimate-blocks\includes\freemius\includes\class-freemius.php(17374): Freemius->install_with_current_user(false)
#3 E:\xampp\htdocs\wordpress\wp-content\plugins\ultimate-blocks\includes\freemius\includes\class-freemius.php(18061): Freemius->_install_with_current_user()
#4 E:\xampp\htdocs\wordpress\wp-content\plugins\ultimate-blocks\includes\freemius\includes\class-freemius.php(17936): Freemius->override_plugin_menu_with_activation()
#5 E:\xampp\htdocs\wordpress\wp-content\plugins\ultimate-blocks\includes\freemius\includes\class-freemius.php(17916): Freemius->add_menu_action()
#6 E:\xampp\htdocs\wordpress\wp-includes\class-wp-hook.php(303): Freemius->_prepare_admin_menu('')
#7 E:\xampp\htdocs\wordpress\wp-includes\class-wp-hook.php(327): WP_Hook->apply_filters(NULL, Array)
#8 E:\xampp\htdocs\wordpress\wp-includes\plugin.php(470): WP_Hook->do_action(Array)
#9 E:\xampp\htdocs\wordpress\wp-admin\includes\menu.php(155): do_action('admin_menu', '')
#10 E:\xampp\htdocs\wordpress\wp-admin\menu.php(341): require_once('E:\\xampp\\htdocs...')
#11 E:\xampp\htdocs\wordpress\wp-admin\admin.php(158): require('E:\\xampp\\htdocs...')
#12 {main}
  thrown in E:\xampp\htdocs\wordpress\wp-content\plugins\ultimate-blocks\includes\freemius\includes\class-freemius.php on line 16847

2021-11-19T13:38:45+00:00 CRITICAL Maximum execution time of 120 seconds exceeded in E:\xampp\htdocs\wordpress\wp-includes\Requests\Transport\cURL.php on line 483

2021-11-19T13:38:51+00:00 CRITICAL Maximum execution time of 120 seconds exceeded in E:\xampp\htdocs\wordpress\wp-includes\Requests\Transport\cURL.php on line 483

2021-11-19T13:38:54+00:00 CRITICAL Maximum execution time of 120 seconds exceeded in E:\xampp\htdocs\wordpress\wp-includes\Requests\Transport\cURL.php on line 483

2021-11-19T13:39:04+00:00 CRITICAL Maximum execution time of 120 seconds exceeded in E:\xampp\htdocs\wordpress\wp-includes\Requests\Transport\cURL.php on line 483

2021-11-19T13:39:08+00:00 CRITICAL Maximum execution time of 120 seconds exceeded in E:\xampp\htdocs\wordpress\wp-includes\Requests\Transport\cURL.php on line 483

