2021-11-18T06:07:36+00:00 CRITICAL Uncaught Error: Undefined constant "WP_ENVIRONMENT_TYPE" in E:\xampp\htdocs\wordpress\wp-content\plugins\woocommerce\packages\woocommerce-admin\src\Schedulers\MailchimpScheduler.php:90
Stack trace:
#0 E:\xampp\htdocs\wordpress\wp-content\plugins\woocommerce\packages\woocommerce-admin\src\Schedulers\MailchimpScheduler.php(90): constant('WP_ENVIRONMENT_...')
#1 E:\xampp\htdocs\wordpress\wp-content\plugins\woocommerce\packages\woocommerce-admin\src\Schedulers\MailchimpScheduler.php(58): Automattic\WooCommerce\Admin\Schedulers\MailchimpScheduler->make_request('1812856@dlu.edu...')
#2 E:\xampp\htdocs\wordpress\wp-content\plugins\woocommerce\packages\woocommerce-admin\src\Events.php(109): Automattic\WooCommerce\Admin\Schedulers\MailchimpScheduler->run()
#3 E:\xampp\htdocs\wordpress\wp-includes\class-wp-hook.php(303): Automattic\WooCommerce\Admin\Events->do_wc_admin_daily()
#4 E:\xampp\htdocs\wordpress\wp-includes\class-wp-hook.php(327): WP_Hook->apply_filters('', Array)
#5 E:\xampp\htdocs\wordpress\wp-includes\plugin.php(518): WP_Hook->do_action(Array)
#6 E:\xampp\htdocs\wordpress\wp-cron.php(138): do_action_ref_array('wc_admin_daily', Array)
#7 {main}
  thrown in E:\xampp\htdocs\wordpress\wp-content\plugins\woocommerce\packages\woocommerce-admin\src\Schedulers\MailchimpScheduler.php on line 90

2021-11-18T18:07:49+00:00 CRITICAL Uncaught TypeError: array_filter(): Argument #1 ($array) must be of type array, null given in E:\xampp\htdocs\wordpress\wp-content\plugins\ultimate-blocks\src\blocks\table-of-contents\block.php:10
Stack trace:
#0 E:\xampp\htdocs\wordpress\wp-content\plugins\ultimate-blocks\src\blocks\table-of-contents\block.php(10): array_filter(NULL, Object(Closure))
#1 E:\xampp\htdocs\wordpress\wp-includes\class-wp-block.php(221): ub_render_table_of_contents_block(Array, '', Object(WP_Block))
#2 E:\xampp\htdocs\wordpress\wp-includes\blocks.php(868): WP_Block->render()
#3 E:\xampp\htdocs\wordpress\wp-includes\blocks.php(906): render_block(Array)
#4 E:\xampp\htdocs\wordpress\wp-includes\class-wp-hook.php(305): do_blocks('<!-- wp:ub/tabl...')
#5 E:\xampp\htdocs\wordpress\wp-includes\plugin.php(189): WP_Hook->apply_filters('<!-- wp:ub/tabl...', Array)
#6 E:\xampp\htdocs\wordpress\wp-includes\widgets\class-wp-widget-block.php(81): apply_filters('widget_block_co...', '<!-- wp:ub/tabl...', Array, Object(WP_Widget_Block))
#7 E:\xampp\htdocs\wordpress\wp-includes\class-wp-widget.php(393): WP_Widget_Block->widget(Array, Array)
#8 E:\xampp\htdocs\wordpress\wp-includes\widgets.php(831): WP_Widget->display_callback(Array, Array)
#9 E:\xampp\htdocs\wordpress\wp-includes\class-wp-customize-widgets.php(1995): dynamic_sidebar('footer-1')
#10 E:\xampp\htdocs\wordpress\wp-includes\customize\class-wp-customize-partial.php(221): WP_Customize_Widgets->render_widget_partial(Object(WP_Customize_Partial), Array)
#11 E:\xampp\htdocs\wordpress\wp-includes\customize\class-wp-customize-selective-refresh.php(371): WP_Customize_Partial->render(Array)
#12 E:\xampp\htdocs\wordpress\wp-includes\class-wp-hook.php(303): WP_Customize_Selective_Refresh->handle_render_partials_request('')
#13 E:\xampp\htdocs\wordpress\wp-includes\class-wp-hook.php(327): WP_Hook->apply_filters(NULL, Array)
#14 E:\xampp\htdocs\wordpress\wp-includes\plugin.php(470): WP_Hook->do_action(Array)
#15 E:\xampp\htdocs\wordpress\wp-includes\template-loader.php(13): do_action('template_redire...')
#16 E:\xampp\htdocs\wordpress\wp-blog-header.php(19): require_once('E:\\xampp\\htdocs...')
#17 E:\xampp\htdocs\wordpress\index.php(17): require('E:\\xampp\\htdocs...')
#18 {main}
  thrown in E:\xampp\htdocs\wordpress\wp-content\plugins\ultimate-blocks\src\blocks\table-of-contents\block.php on line 10

2021-11-18T18:07:52+00:00 CRITICAL Uncaught TypeError: array_filter(): Argument #1 ($array) must be of type array, null given in E:\xampp\htdocs\wordpress\wp-content\plugins\ultimate-blocks\src\blocks\table-of-contents\block.php:10
Stack trace:
#0 E:\xampp\htdocs\wordpress\wp-content\plugins\ultimate-blocks\src\blocks\table-of-contents\block.php(10): array_filter(NULL, Object(Closure))
#1 E:\xampp\htdocs\wordpress\wp-includes\class-wp-block.php(221): ub_render_table_of_contents_block(Array, '', Object(WP_Block))
#2 E:\xampp\htdocs\wordpress\wp-includes\blocks.php(868): WP_Block->render()
#3 E:\xampp\htdocs\wordpress\wp-includes\blocks.php(906): render_block(Array)
#4 E:\xampp\htdocs\wordpress\wp-includes\class-wp-hook.php(305): do_blocks('<!-- wp:ub/tabl...')
#5 E:\xampp\htdocs\wordpress\wp-includes\plugin.php(189): WP_Hook->apply_filters('<!-- wp:ub/tabl...', Array)
#6 E:\xampp\htdocs\wordpress\wp-includes\widgets\class-wp-widget-block.php(81): apply_filters('widget_block_co...', '<!-- wp:ub/tabl...', Array, Object(WP_Widget_Block))
#7 E:\xampp\htdocs\wordpress\wp-includes\class-wp-widget.php(393): WP_Widget_Block->widget(Array, Array)
#8 E:\xampp\htdocs\wordpress\wp-includes\widgets.php(831): WP_Widget->display_callback(Array, Array)
#9 E:\xampp\htdocs\wordpress\wp-includes\class-wp-customize-widgets.php(1995): dynamic_sidebar('footer-1')
#10 E:\xampp\htdocs\wordpress\wp-includes\customize\class-wp-customize-partial.php(221): WP_Customize_Widgets->render_widget_partial(Object(WP_Customize_Partial), Array)
#11 E:\xampp\htdocs\wordpress\wp-includes\customize\class-wp-customize-selective-refresh.php(371): WP_Customize_Partial->render(Array)
#12 E:\xampp\htdocs\wordpress\wp-includes\class-wp-hook.php(303): WP_Customize_Selective_Refresh->handle_render_partials_request('')
#13 E:\xampp\htdocs\wordpress\wp-includes\class-wp-hook.php(327): WP_Hook->apply_filters(NULL, Array)
#14 E:\xampp\htdocs\wordpress\wp-includes\plugin.php(470): WP_Hook->do_action(Array)
#15 E:\xampp\htdocs\wordpress\wp-includes\template-loader.php(13): do_action('template_redire...')
#16 E:\xampp\htdocs\wordpress\wp-blog-header.php(19): require_once('E:\\xampp\\htdocs...')
#17 E:\xampp\htdocs\wordpress\index.php(17): require('E:\\xampp\\htdocs...')
#18 {main}
  thrown in E:\xampp\htdocs\wordpress\wp-content\plugins\ultimate-blocks\src\blocks\table-of-contents\block.php on line 10

2021-11-18T18:07:55+00:00 CRITICAL Uncaught TypeError: array_filter(): Argument #1 ($array) must be of type array, null given in E:\xampp\htdocs\wordpress\wp-content\plugins\ultimate-blocks\src\blocks\table-of-contents\block.php:10
Stack trace:
#0 E:\xampp\htdocs\wordpress\wp-content\plugins\ultimate-blocks\src\blocks\table-of-contents\block.php(10): array_filter(NULL, Object(Closure))
#1 E:\xampp\htdocs\wordpress\wp-includes\class-wp-block.php(221): ub_render_table_of_contents_block(Array, '', Object(WP_Block))
#2 E:\xampp\htdocs\wordpress\wp-includes\blocks.php(868): WP_Block->render()
#3 E:\xampp\htdocs\wordpress\wp-includes\blocks.php(906): render_block(Array)
#4 E:\xampp\htdocs\wordpress\wp-includes\class-wp-hook.php(305): do_blocks('<!-- wp:ub/tabl...')
#5 E:\xampp\htdocs\wordpress\wp-includes\plugin.php(189): WP_Hook->apply_filters('<!-- wp:ub/tabl...', Array)
#6 E:\xampp\htdocs\wordpress\wp-includes\widgets\class-wp-widget-block.php(81): apply_filters('widget_block_co...', '<!-- wp:ub/tabl...', Array, Object(WP_Widget_Block))
#7 E:\xampp\htdocs\wordpress\wp-includes\class-wp-widget.php(393): WP_Widget_Block->widget(Array, Array)
#8 E:\xampp\htdocs\wordpress\wp-includes\widgets.php(831): WP_Widget->display_callback(Array, Array)
#9 E:\xampp\htdocs\wordpress\wp-includes\class-wp-customize-widgets.php(1995): dynamic_sidebar('footer-1')
#10 E:\xampp\htdocs\wordpress\wp-includes\customize\class-wp-customize-partial.php(221): WP_Customize_Widgets->render_widget_partial(Object(WP_Customize_Partial), Array)
#11 E:\xampp\htdocs\wordpress\wp-includes\customize\class-wp-customize-selective-refresh.php(371): WP_Customize_Partial->render(Array)
#12 E:\xampp\htdocs\wordpress\wp-includes\class-wp-hook.php(303): WP_Customize_Selective_Refresh->handle_render_partials_request('')
#13 E:\xampp\htdocs\wordpress\wp-includes\class-wp-hook.php(327): WP_Hook->apply_filters(NULL, Array)
#14 E:\xampp\htdocs\wordpress\wp-includes\plugin.php(470): WP_Hook->do_action(Array)
#15 E:\xampp\htdocs\wordpress\wp-includes\template-loader.php(13): do_action('template_redire...')
#16 E:\xampp\htdocs\wordpress\wp-blog-header.php(19): require_once('E:\\xampp\\htdocs...')
#17 E:\xampp\htdocs\wordpress\index.php(17): require('E:\\xampp\\htdocs...')
#18 {main}
  thrown in E:\xampp\htdocs\wordpress\wp-content\plugins\ultimate-blocks\src\blocks\table-of-contents\block.php on line 10

2021-11-18T18:07:56+00:00 CRITICAL Uncaught TypeError: array_filter(): Argument #1 ($array) must be of type array, null given in E:\xampp\htdocs\wordpress\wp-content\plugins\ultimate-blocks\src\blocks\table-of-contents\block.php:10
Stack trace:
#0 E:\xampp\htdocs\wordpress\wp-content\plugins\ultimate-blocks\src\blocks\table-of-contents\block.php(10): array_filter(NULL, Object(Closure))
#1 E:\xampp\htdocs\wordpress\wp-includes\class-wp-block.php(221): ub_render_table_of_contents_block(Array, '', Object(WP_Block))
#2 E:\xampp\htdocs\wordpress\wp-includes\blocks.php(868): WP_Block->render()
#3 E:\xampp\htdocs\wordpress\wp-includes\blocks.php(906): render_block(Array)
#4 E:\xampp\htdocs\wordpress\wp-includes\class-wp-hook.php(305): do_blocks('<!-- wp:ub/tabl...')
#5 E:\xampp\htdocs\wordpress\wp-includes\plugin.php(189): WP_Hook->apply_filters('<!-- wp:ub/tabl...', Array)
#6 E:\xampp\htdocs\wordpress\wp-includes\widgets\class-wp-widget-block.php(81): apply_filters('widget_block_co...', '<!-- wp:ub/tabl...', Array, Object(WP_Widget_Block))
#7 E:\xampp\htdocs\wordpress\wp-includes\class-wp-widget.php(393): WP_Widget_Block->widget(Array, Array)
#8 E:\xampp\htdocs\wordpress\wp-includes\widgets.php(831): WP_Widget->display_callback(Array, Array)
#9 E:\xampp\htdocs\wordpress\wp-includes\class-wp-customize-widgets.php(1995): dynamic_sidebar('footer-1')
#10 E:\xampp\htdocs\wordpress\wp-includes\customize\class-wp-customize-partial.php(221): WP_Customize_Widgets->render_widget_partial(Object(WP_Customize_Partial), Array)
#11 E:\xampp\htdocs\wordpress\wp-includes\customize\class-wp-customize-selective-refresh.php(371): WP_Customize_Partial->render(Array)
#12 E:\xampp\htdocs\wordpress\wp-includes\class-wp-hook.php(303): WP_Customize_Selective_Refresh->handle_render_partials_request('')
#13 E:\xampp\htdocs\wordpress\wp-includes\class-wp-hook.php(327): WP_Hook->apply_filters(NULL, Array)
#14 E:\xampp\htdocs\wordpress\wp-includes\plugin.php(470): WP_Hook->do_action(Array)
#15 E:\xampp\htdocs\wordpress\wp-includes\template-loader.php(13): do_action('template_redire...')
#16 E:\xampp\htdocs\wordpress\wp-blog-header.php(19): require_once('E:\\xampp\\htdocs...')
#17 E:\xampp\htdocs\wordpress\index.php(17): require('E:\\xampp\\htdocs...')
#18 {main}
  thrown in E:\xampp\htdocs\wordpress\wp-content\plugins\ultimate-blocks\src\blocks\table-of-contents\block.php on line 10

